#
# A fatal error has been detected by the Java Runtime Environment:
#
#  SIGSEGV (0xb) at pc=0x000000010e790227, pid=2551, tid=28163
#
# JRE version: Java(TM) SE Runtime Environment (8.0-b115) (build 1.8.0-ea-b115)
# Java VM: Java HotSpot(TM) 64-Bit Server VM (25.0-b57 mixed mode bsd-amd64 compressed oops)
# Problematic frame:
# V  [libjvm.dylib+0x390227]  LinkResolver::lookup_method_in_klasses(methodHandle&, KlassHandle, Symbol*, Symbol*, Thread*)+0x21
#
# Failed to write core dump. Core dumps have been disabled. To enable core dumping, try "ulimit -c unlimited" before starting Java again
#
# If you would like to submit a bug report, please visit:
#   http://bugreport.sun.com/bugreport/crash.jsp
#

---------------  T H R E A D  ---------------

Current thread (0x00007fcb6ea93000):  JavaThread "http-nio-8443-exec-10" daemon [_thread_in_vm, id=28163, stack(0x00000001299a5000,0x0000000129aa5000)]

siginfo:si_signo=SIGSEGV: si_errno=0, si_code=1 (SEGV_MAPERR), si_addr=0x0000000000000000

Registers:
RAX=0x59006c11554f2012, RBX=0x0000000000000000, RCX=0x0000000000000000, RDX=0x0000000000000000
RSP=0x0000000129a9df20, RBP=0x0000000129a9df60, RSI=0x0000000000000000, RDI=0x0000000129a9e2e0
R8 =0x00007fcb6ea93000, R9 =0x0000000000000001, R10=0x000000010ec6f9c0, R11=0x000000010fb90a00
R12=0x0000000129a9e2e0, R13=0x00007fcb6ea93000, R14=0x0000000000000000, R15=0x0000000000000000
RIP=0x000000010e790227, EFLAGS=0x0000000000010202, ERR=0x0000000000000004
  TRAPNO=0x000000000000000e

Top of Stack: (sp=0x0000000129a9df20)
0x0000000129a9df20:   00007fcb6ea93000 00007fcb2a21f398
0x0000000129a9df30:   000000012a82fcf8 0000000129a9e2e0
0x0000000129a9df40:   0000000129a9e4e8 00007fcb6ea93000
0x0000000129a9df50:   0000000000000000 00007fcb6ea93000
0x0000000129a9df60:   0000000129a9e160 000000010e7903da
0x0000000129a9df70:   000000012a8335a8 000000012a833588
0x0000000129a9df80:   0000000129a9e710 00007fcb6ea93000
0x0000000129a9df90:   0000000100000004 00000007c03c1bf0
0x0000000129a9dfa0:   0000000000000000 0000000000000000
0x0000000129a9dfb0:   000000002a1779a0 000000002a824780
0x0000000129a9dfc0:   000000002a823868 000000000000000c
0x0000000129a9dfd0:   000000002a8324f8 000000002a5030d0
0x0000000129a9dfe0:   000000002a4ec750 000000002a82fd98
0x0000000129a9dff0:   000000002a831620 000000002a8a24b0
0x0000000129a9e000:   000000002a82fcb8 000000002a177980
0x0000000129a9e010:   000000002af397f0 000000002a82fdd8
0x0000000129a9e020:   0000000028b43940 0000000000000040
0x0000000129a9e030:   000000002a823808 000000002a503090
0x0000000129a9e040:   0000000129a9e7d0 00007fcb6ea93000
0x0000000129a9e050:   0000000000000005 000000002a4ec7d0
0x0000000129a9e060:   000000002a4ec7b0 000000002c4838c8
0x0000000129a9e070:   000000002a823828 000000002a813ca8
0x0000000129a9e080:   000000002368e708 000000002a8237e8
0x0000000129a9e090:   00000000000000a8 0000000000000001
0x0000000129a9e0a0:   0000000000000003 0000000000000005
0x0000000129a9e0b0:   000000002a818628 000000000000000d
0x0000000129a9e0c0:   000000002a4ec170 000000002a8002c0
0x0000000129a9e0d0:   0000000129a9e860 00007fcb6ea93000
0x0000000129a9e0e0:   0000000000000008 000000002bb754d0
0x0000000129a9e0f0:   000000000000001b 000000002a8186c8
0x0000000129a9e100:   0000000028b46760 000000002a818608
0x0000000129a9e110:   000000002a1f56e8 000000002af397b0 

Instructions: (pc=0x000000010e790227)
0x000000010e790207:   48 89 e5 41 57 41 56 41 55 41 54 53 48 83 ec 18
0x000000010e790217:   4c 89 45 c0 48 89 cb 49 89 d6 49 89 f7 49 89 fc
0x000000010e790227:   49 8b 07 4c 89 ff 4c 89 f6 48 89 da ff 90 90 00
0x000000010e790237:   00 00 49 89 c5 4d 85 ed 75 1a 49 8b bf 88 01 00 

Register to memory mapping:

RAX=0x59006c11554f2012 is an unknown value
RBX=0x0000000000000000 is an unknown value
RCX=0x0000000000000000 is an unknown value
RDX=0x0000000000000000 is an unknown value
RSP=0x0000000129a9df20 is pointing into the stack for thread: 0x00007fcb6ea93000
RBP=0x0000000129a9df60 is pointing into the stack for thread: 0x00007fcb6ea93000
RSI=0x0000000000000000 is an unknown value
RDI=0x0000000129a9e2e0 is pointing into the stack for thread: 0x00007fcb6ea93000
R8 =0x00007fcb6ea93000 is a thread
R9 =0x0000000000000001 is an unknown value
R10=0x000000010ec6f9c0: _ZN19TemplateInterpreter13_active_tableE+0x2000 in /Library/Java/JavaVirtualMachines/jdk1.8.0.jdk/Contents/Home/jre/lib/server/libjvm.dylib at 0x000000010e400000
R11=0x000000010fb90a00 is at entry_point+32 in (nmethod*)0x000000010fb90890
R12=0x0000000129a9e2e0 is pointing into the stack for thread: 0x00007fcb6ea93000
R13=0x00007fcb6ea93000 is a thread
R14=0x0000000000000000 is an unknown value
R15=0x0000000000000000 is an unknown value


Stack: [0x00000001299a5000,0x0000000129aa5000],  sp=0x0000000129a9df20,  free space=995k
Native frames: (J=compiled Java code, j=interpreted, Vv=VM code, C=native code)
V  [libjvm.dylib+0x390227]  LinkResolver::lookup_method_in_klasses(methodHandle&, KlassHandle, Symbol*, Symbol*, Thread*)+0x21
V  [libjvm.dylib+0x3903da]  LinkResolver::resolve_method(methodHandle&, KlassHandle, Symbol*, Symbol*, KlassHandle, bool, bool, Thread*)+0x74
V  [libjvm.dylib+0x390d41]  LinkResolver::linktime_resolve_special_method(methodHandle&, KlassHandle, Symbol*, Symbol*, KlassHandle, bool, Thread*)+0x41
V  [libjvm.dylib+0x39421d]  LinkResolver::resolve_special_call(CallInfo&, KlassHandle, Symbol*, Symbol*, KlassHandle, bool, Thread*)+0x47
V  [libjvm.dylib+0x3943f4]  LinkResolver::resolve_invokespecial(CallInfo&, constantPoolHandle, int, Thread*)+0xfa
V  [libjvm.dylib+0x39490c]  LinkResolver::resolve_invoke(CallInfo&, Handle, constantPoolHandle, int, Bytecodes::Code, Thread*)+0x162
V  [libjvm.dylib+0x2be94d]  InterpreterRuntime::resolve_invoke(JavaThread*, Bytecodes::Code)+0x371
j  org.hibernate.type.descriptor.java.JdbcTimestampTypeDescriptor.unwrap(Ljava/util/Date;Ljava/lang/Class;Lorg/hibernate/type/descriptor/WrapperOptions;)Ljava/lang/Object;+41
j  org.hibernate.type.descriptor.java.JdbcTimestampTypeDescriptor.unwrap(Ljava/lang/Object;Ljava/lang/Class;Lorg/hibernate/type/descriptor/WrapperOptions;)Ljava/lang/Object;+7
j  org.hibernate.type.descriptor.sql.TimestampTypeDescriptor$1.doBind(Ljava/sql/PreparedStatement;Ljava/lang/Object;ILorg/hibernate/type/descriptor/WrapperOptions;)V+12
j  org.hibernate.type.descriptor.sql.BasicBinder.bind(Ljava/sql/PreparedStatement;Ljava/lang/Object;ILorg/hibernate/type/descriptor/WrapperOptions;)V+140
J 7116 C1 org.hibernate.type.AbstractStandardBasicType.nullSafeSet(Ljava/sql/PreparedStatement;Ljava/lang/Object;ILorg/hibernate/engine/spi/SessionImplementor;)V (18 bytes) @ 0x000000011049e2ec [0x000000011049dec0+0x42c]
j  org.hibernate.type.AbstractSingleColumnStandardBasicType.nullSafeSet(Ljava/sql/PreparedStatement;Ljava/lang/Object;I[ZLorg/hibernate/engine/spi/SessionImplementor;)V+13
j  org.hibernate.persister.entity.AbstractEntityPersister.dehydrate(Ljava/io/Serializable;[Ljava/lang/Object;Ljava/lang/Object;[Z[[ZILjava/sql/PreparedStatement;Lorg/hibernate/engine/spi/SessionImplementor;IZ)I+104
j  org.hibernate.persister.entity.AbstractEntityPersister.dehydrate(Ljava/io/Serializable;[Ljava/lang/Object;[Z[[ZILjava/sql/PreparedStatement;Lorg/hibernate/engine/spi/SessionImplementor;Z)I+16
j  org.hibernate.persister.entity.AbstractEntityPersister$4.bindValues(Ljava/sql/PreparedStatement;)V+27
j  org.hibernate.id.insert.AbstractReturningDelegate.performInsert(Ljava/lang/String;Lorg/hibernate/engine/spi/SessionImplementor;Lorg/hibernate/id/insert/Binder;)Ljava/io/Serializable;+11
j  org.hibernate.persister.entity.AbstractEntityPersister.insert([Ljava/lang/Object;[ZLjava/lang/String;Ljava/lang/Object;Lorg/hibernate/engine/spi/SessionImplementor;)Ljava/io/Serializable;+74
j  org.hibernate.persister.entity.AbstractEntityPersister.insert([Ljava/lang/Object;Ljava/lang/Object;Lorg/hibernate/engine/spi/SessionImplementor;)Ljava/io/Serializable;+100
j  org.hibernate.action.internal.EntityIdentityInsertAction.execute()V+38
j  org.hibernate.engine.spi.ActionQueue.execute(Lorg/hibernate/action/spi/Executable;)V+1
j  org.hibernate.engine.spi.ActionQueue.addResolvedEntityInsertAction(Lorg/hibernate/action/internal/AbstractEntityInsertAction;)V+33
j  org.hibernate.engine.spi.ActionQueue.addInsertAction(Lorg/hibernate/action/internal/AbstractEntityInsertAction;)V+44
j  org.hibernate.engine.spi.ActionQueue.addAction(Lorg/hibernate/action/internal/EntityIdentityInsertAction;)V+16
j  org.hibernate.event.internal.AbstractSaveEventListener.addInsertAction([Ljava/lang/Object;Ljava/io/Serializable;Ljava/lang/Object;Lorg/hibernate/persister/entity/EntityPersister;ZLorg/hibernate/event/spi/EventSource;Z)Lorg/hibernate/action/internal/AbstractEntityInsertAction;+35
j  org.hibernate.event.internal.AbstractSaveEventListener.performSaveOrReplicate(Ljava/lang/Object;Lorg/hibernate/engine/spi/EntityKey;Lorg/hibernate/persister/entity/EntityPersister;ZLjava/lang/Object;Lorg/hibernate/event/spi/EventSource;Z)Ljava/io/Serializable;+206
j  org.hibernate.event.internal.AbstractSaveEventListener.performSave(Ljava/lang/Object;Ljava/io/Serializable;Lorg/hibernate/persister/entity/EntityPersister;ZLjava/lang/Object;Lorg/hibernate/event/spi/EventSource;Z)Ljava/io/Serializable;+174
j  org.hibernate.event.internal.AbstractSaveEventListener.saveWithGeneratedId(Ljava/lang/Object;Ljava/lang/String;Ljava/lang/Object;Lorg/hibernate/event/spi/EventSource;Z)Ljava/io/Serializable;+99
j  org.hibernate.jpa.event.internal.core.JpaPersistEventListener.saveWithGeneratedId(Ljava/lang/Object;Ljava/lang/String;Ljava/lang/Object;Lorg/hibernate/event/spi/EventSource;Z)Ljava/io/Serializable;+18
j  org.hibernate.event.internal.DefaultPersistEventListener.entityIsTransient(Lorg/hibernate/event/spi/PersistEvent;Ljava/util/Map;)V+55
j  org.hibernate.event.internal.DefaultPersistEventListener.onPersist(Lorg/hibernate/event/spi/PersistEvent;Ljava/util/Map;)V+324
j  org.hibernate.event.internal.DefaultPersistEventListener.onPersist(Lorg/hibernate/event/spi/PersistEvent;)V+11
j  org.hibernate.internal.SessionImpl.firePersist(Lorg/hibernate/event/spi/PersistEvent;)V+46
j  org.hibernate.internal.SessionImpl.persist(Ljava/lang/String;Ljava/lang/Object;)V+11
j  org.hibernate.internal.SessionImpl.persist(Ljava/lang/Object;)V+3
j  org.hibernate.jpa.spi.AbstractEntityManagerImpl.persist(Ljava/lang/Object;)V+9
j  sun.reflect.GeneratedMethodAccessor40.invoke(Ljava/lang/Object;[Ljava/lang/Object;)Ljava/lang/Object;+40
J 3244 C2 java.lang.reflect.Method.invoke(Ljava/lang/Object;[Ljava/lang/Object;)Ljava/lang/Object; (62 bytes) @ 0x000000010fba99b0 [0x000000010fba9900+0xb0]
J 6519 C1 org.springframework.orm.jpa.ExtendedEntityManagerCreator$ExtendedEntityManagerInvocationHandler.invoke(Ljava/lang/Object;Ljava/lang/reflect/Method;[Ljava/lang/Object;)Ljava/lang/Object; (303 bytes) @ 0x0000000110335e5c [0x00000001103344e0+0x197c]
j  com.sun.proxy.$Proxy74.persist(Ljava/lang/Object;)V+16
j  sun.reflect.GeneratedMethodAccessor40.invoke(Ljava/lang/Object;[Ljava/lang/Object;)Ljava/lang/Object;+40
J 3244 C2 java.lang.reflect.Method.invoke(Ljava/lang/Object;[Ljava/lang/Object;)Ljava/lang/Object; (62 bytes) @ 0x000000010fba99b0 [0x000000010fba9900+0xb0]
j  org.springframework.orm.jpa.SharedEntityManagerCreator$SharedEntityManagerInvocationHandler.invoke(Ljava/lang/Object;Ljava/lang/reflect/Method;[Ljava/lang/Object;)Ljava/lang/Object;+421
j  com.sun.proxy.$Proxy74.persist(Ljava/lang/Object;)V+16
j  org.springframework.data.jpa.repository.support.SimpleJpaRepository.save(Ljava/lang/Object;)Ljava/lang/Object;+18
j  sun.reflect.GeneratedMethodAccessor57.invoke(Ljava/lang/Object;[Ljava/lang/Object;)Ljava/lang/Object;+40
J 3244 C2 java.lang.reflect.Method.invoke(Ljava/lang/Object;[Ljava/lang/Object;)Ljava/lang/Object; (62 bytes) @ 0x000000010fba99b0 [0x000000010fba9900+0xb0]
j  org.springframework.data.repository.core.support.RepositoryFactorySupport$QueryExecutorMethodInterceptor.executeMethodOn(Ljava/lang/Object;Ljava/lang/reflect/Method;[Ljava/lang/Object;)Ljava/lang/Object;+3
j  org.springframework.data.repository.core.support.RepositoryFactorySupport$QueryExecutorMethodInterceptor.doInvoke(Lorg/aopalliance/intercept/MethodInvocation;)Ljava/lang/Object;+99
j  org.springframework.data.repository.core.support.RepositoryFactorySupport$QueryExecutorMethodInterceptor.invoke(Lorg/aopalliance/intercept/MethodInvocation;)Ljava/lang/Object;+2
J 6742 C1 org.springframework.aop.framework.ReflectiveMethodInvocation.proceed()Ljava/lang/Object; (107 bytes) @ 0x000000010f47a9ac [0x000000010f47a1e0+0x7cc]
j  org.springframework.data.repository.core.support.RepositoryFactorySupport$DefaultMethodInvokingMethodInterceptor.invoke(Lorg/aopalliance/intercept/MethodInvocation;)Ljava/lang/Object;+15
J 6742 C1 org.springframework.aop.framework.ReflectiveMethodInvocation.proceed()Ljava/lang/Object; (107 bytes) @ 0x000000010f47a9ac [0x000000010f47a1e0+0x7cc]
j  org.springframework.transaction.interceptor.TransactionInterceptor$1.proceedWithInvocation()Ljava/lang/Object;+4
j  org.springframework.transaction.interceptor.TransactionAspectSupport.invokeWithinTransaction(Ljava/lang/reflect/Method;Ljava/lang/Class;Lorg/springframework/transaction/interceptor/TransactionAspectSupport$InvocationCallback;)Ljava/lang/Object;+58
j  org.springframework.transaction.interceptor.TransactionInterceptor.invoke(Lorg/aopalliance/intercept/MethodInvocation;)Ljava/lang/Object;+40
J 6742 C1 org.springframework.aop.framework.ReflectiveMethodInvocation.proceed()Ljava/lang/Object; (107 bytes) @ 0x000000010f47a9ac [0x000000010f47a1e0+0x7cc]
j  org.springframework.dao.support.PersistenceExceptionTranslationInterceptor.invoke(Lorg/aopalliance/intercept/MethodInvocation;)Ljava/lang/Object;+1
J 6742 C1 org.springframework.aop.framework.ReflectiveMethodInvocation.proceed()Ljava/lang/Object; (107 bytes) @ 0x000000010f47a9ac [0x000000010f47a1e0+0x7cc]
j  org.springframework.data.jpa.repository.support.CrudMethodMetadataPostProcessor$CrudMethodMetadataPopulatingMethodIntercceptor.invoke(Lorg/aopalliance/intercept/MethodInvocation;)Ljava/lang/Object;+89
J 6742 C1 org.springframework.aop.framework.ReflectiveMethodInvocation.proceed()Ljava/lang/Object; (107 bytes) @ 0x000000010f47a9ac [0x000000010f47a1e0+0x7cc]
j  org.springframework.aop.interceptor.ExposeInvocationInterceptor.invoke(Lorg/aopalliance/intercept/MethodInvocation;)Ljava/lang/Object;+18
J 6742 C1 org.springframework.aop.framework.ReflectiveMethodInvocation.proceed()Ljava/lang/Object; (107 bytes) @ 0x000000010f47a9ac [0x000000010f47a1e0+0x7cc]
j  org.springframework.aop.framework.JdkDynamicAopProxy.invoke(Ljava/lang/Object;Ljava/lang/reflect/Method;[Ljava/lang/Object;)Ljava/lang/Object;+321
j  com.sun.proxy.$Proxy80.save(Ljava/lang/Object;)Ljava/lang/Object;+16
j  tw.guid.local.models.RestfulAuditTrailServiceImpl.audit(Lorg/springframework/web/bind/annotation/RequestMethod;Ljava/lang/String;Lorg/springframework/http/HttpStatus;)V+57
j  sun.reflect.GeneratedMethodAccessor60.invoke(Ljava/lang/Object;[Ljava/lang/Object;)Ljava/lang/Object;+56
J 3244 C2 java.lang.reflect.Method.invoke(Ljava/lang/Object;[Ljava/lang/Object;)Ljava/lang/Object; (62 bytes) @ 0x000000010fba99b0 [0x000000010fba9900+0xb0]
j  org.springframework.aop.support.AopUtils.invokeJoinpointUsingReflection(Ljava/lang/Object;Ljava/lang/reflect/Method;[Ljava/lang/Object;)Ljava/lang/Object;+7
J 6742 C1 org.springframework.aop.framework.ReflectiveMethodInvocation.proceed()Ljava/lang/Object; (107 bytes) @ 0x000000010f47aa44 [0x000000010f47a1e0+0x864]
j  org.springframework.transaction.interceptor.TransactionInterceptor$1.proceedWithInvocation()Ljava/lang/Object;+4
j  org.springframework.transaction.interceptor.TransactionAspectSupport.invokeWithinTransaction(Ljava/lang/reflect/Method;Ljava/lang/Class;Lorg/springframework/transaction/interceptor/TransactionAspectSupport$InvocationCallback;)Ljava/lang/Object;+58
j  org.springframework.transaction.interceptor.TransactionInterceptor.invoke(Lorg/aopalliance/intercept/MethodInvocation;)Ljava/lang/Object;+40
J 6742 C1 org.springframework.aop.framework.ReflectiveMethodInvocation.proceed()Ljava/lang/Object; (107 bytes) @ 0x000000010f47a9ac [0x000000010f47a1e0+0x7cc]
j  org.springframework.aop.framework.JdkDynamicAopProxy.invoke(Ljava/lang/Object;Ljava/lang/reflect/Method;[Ljava/lang/Object;)Ljava/lang/Object;+321
j  com.sun.proxy.$Proxy81.audit(Lorg/springframework/web/bind/annotation/RequestMethod;Ljava/lang/String;Lorg/springframework/http/HttpStatus;)V+24
j  tw.guid.local.models.RestfulAudit.end(Lorg/springframework/http/HttpStatus;)I+19
j  tw.guid.local.controllers.aop.RestfulAuditAspect.afterReturningMethodInRestController(Lorg/aspectj/lang/JoinPoint;)V+9
j  tw.guid.local.controllers.MainController.login()Ljava/lang/String;+23
v  ~StubRoutines::call_stub
V  [libjvm.dylib+0x2c447e]  JavaCalls::call_helper(JavaValue*, methodHandle*, JavaCallArguments*, Thread*)+0x6ae
V  [libjvm.dylib+0x48917a]  Reflection::invoke(instanceKlassHandle, methodHandle, Handle, bool, objArrayHandle, BasicType, objArrayHandle, bool, Thread*)+0xdf8
V  [libjvm.dylib+0x489694]  Reflection::invoke_method(oopDesc*, Handle, objArrayHandle, Thread*)+0x16c
V  [libjvm.dylib+0x311aa0]  JVM_InvokeMethod+0x166
J 2610  sun.reflect.NativeMethodAccessorImpl.invoke0(Ljava/lang/reflect/Method;Ljava/lang/Object;[Ljava/lang/Object;)Ljava/lang/Object; (0 bytes) @ 0x000000010f82c06d [0x000000010f82bf80+0xed]
J 2609 C1 sun.reflect.NativeMethodAccessorImpl.invoke(Ljava/lang/Object;[Ljava/lang/Object;)Ljava/lang/Object; (91 bytes) @ 0x000000010f82b644 [0x000000010f82a960+0xce4]
J 3244 C2 java.lang.reflect.Method.invoke(Ljava/lang/Object;[Ljava/lang/Object;)Ljava/lang/Object; (62 bytes) @ 0x000000010fba99b0 [0x000000010fba9900+0xb0]
j  org.springframework.web.method.support.InvocableHandlerMethod.doInvoke([Ljava/lang/Object;)Ljava/lang/Object;+16
j  org.springframework.web.method.support.InvocableHandlerMethod.invokeForRequest(Lorg/springframework/web/context/request/NativeWebRequest;Lorg/springframework/web/method/support/ModelAndViewContainer;[Ljava/lang/Object;)Ljava/lang/Object;+96
j  org.springframework.web.servlet.mvc.method.annotation.ServletInvocableHandlerMethod.invokeAndHandle(Lorg/springframework/web/context/request/ServletWebRequest;Lorg/springframework/web/method/support/ModelAndViewContainer;[Ljava/lang/Object;)V+4
j  org.springframework.web.servlet.mvc.method.annotation.RequestMappingHandlerAdapter.invokeHandleMethod(Ljavax/servlet/http/HttpServletRequest;Ljavax/servlet/http/HttpServletResponse;Lorg/springframework/web/method/HandlerMethod;)Lorg/springframework/web/servlet/ModelAndView;+230
j  org.springframework.web.servlet.mvc.method.annotation.RequestMappingHandlerAdapter.handleInternal(Ljavax/servlet/http/HttpServletRequest;Ljavax/servlet/http/HttpServletResponse;Lorg/springframework/web/method/HandlerMethod;)Lorg/springframework/web/servlet/ModelAndView;+89
j  org.springframework.web.servlet.mvc.method.AbstractHandlerMethodAdapter.handle(Ljavax/servlet/http/HttpServletRequest;Ljavax/servlet/http/HttpServletResponse;Ljava/lang/Object;)Lorg/springframework/web/servlet/ModelAndView;+7
j  org.springframework.web.servlet.DispatcherServlet.doDispatch(Ljavax/servlet/http/HttpServletRequest;Ljavax/servlet/http/HttpServletResponse;)V+318
j  org.springframework.web.servlet.DispatcherServlet.doService(Ljavax/servlet/http/HttpServletRequest;Ljavax/servlet/http/HttpServletResponse;)V+301
J 6830 C1 org.springframework.web.servlet.FrameworkServlet.processRequest(Ljavax/servlet/http/HttpServletRequest;Ljavax/servlet/http/HttpServletResponse;)V (307 bytes) @ 0x000000011040886c [0x0000000110407860+0x100c]
j  org.springframework.web.servlet.FrameworkServlet.doGet(Ljavax/servlet/http/HttpServletRequest;Ljavax/servlet/http/HttpServletResponse;)V+3
j  javax.servlet.http.HttpServlet.service(Ljavax/servlet/http/HttpServletRequest;Ljavax/servlet/http/HttpServletResponse;)V+35
j  org.springframework.web.servlet.FrameworkServlet.service(Ljavax/servlet/http/HttpServletRequest;Ljavax/servlet/http/HttpServletResponse;)V+32
J 6829 C1 javax.servlet.http.HttpServlet.service(Ljavax/servlet/ServletRequest;Ljavax/servlet/ServletResponse;)V (34 bytes) @ 0x0000000110401b24 [0x0000000110401820+0x304]
...<more frames>...

Java frames: (J=compiled Java code, j=interpreted, Vv=VM code)
j  org.hibernate.type.descriptor.java.JdbcTimestampTypeDescriptor.unwrap(Ljava/util/Date;Ljava/lang/Class;Lorg/hibernate/type/descriptor/WrapperOptions;)Ljava/lang/Object;+41
j  org.hibernate.type.descriptor.java.JdbcTimestampTypeDescriptor.unwrap(Ljava/lang/Object;Ljava/lang/Class;Lorg/hibernate/type/descriptor/WrapperOptions;)Ljava/lang/Object;+7
j  org.hibernate.type.descriptor.sql.TimestampTypeDescriptor$1.doBind(Ljava/sql/PreparedStatement;Ljava/lang/Object;ILorg/hibernate/type/descriptor/WrapperOptions;)V+12
j  org.hibernate.type.descriptor.sql.BasicBinder.bind(Ljava/sql/PreparedStatement;Ljava/lang/Object;ILorg/hibernate/type/descriptor/WrapperOptions;)V+140
J 7116 C1 org.hibernate.type.AbstractStandardBasicType.nullSafeSet(Ljava/sql/PreparedStatement;Ljava/lang/Object;ILorg/hibernate/engine/spi/SessionImplementor;)V (18 bytes) @ 0x000000011049e2ec [0x000000011049dec0+0x42c]
j  org.hibernate.type.AbstractSingleColumnStandardBasicType.nullSafeSet(Ljava/sql/PreparedStatement;Ljava/lang/Object;I[ZLorg/hibernate/engine/spi/SessionImplementor;)V+13
j  org.hibernate.persister.entity.AbstractEntityPersister.dehydrate(Ljava/io/Serializable;[Ljava/lang/Object;Ljava/lang/Object;[Z[[ZILjava/sql/PreparedStatement;Lorg/hibernate/engine/spi/SessionImplementor;IZ)I+104
j  org.hibernate.persister.entity.AbstractEntityPersister.dehydrate(Ljava/io/Serializable;[Ljava/lang/Object;[Z[[ZILjava/sql/PreparedStatement;Lorg/hibernate/engine/spi/SessionImplementor;Z)I+16
j  org.hibernate.persister.entity.AbstractEntityPersister$4.bindValues(Ljava/sql/PreparedStatement;)V+27
j  org.hibernate.id.insert.AbstractReturningDelegate.performInsert(Ljava/lang/String;Lorg/hibernate/engine/spi/SessionImplementor;Lorg/hibernate/id/insert/Binder;)Ljava/io/Serializable;+11
j  org.hibernate.persister.entity.AbstractEntityPersister.insert([Ljava/lang/Object;[ZLjava/lang/String;Ljava/lang/Object;Lorg/hibernate/engine/spi/SessionImplementor;)Ljava/io/Serializable;+74
j  org.hibernate.persister.entity.AbstractEntityPersister.insert([Ljava/lang/Object;Ljava/lang/Object;Lorg/hibernate/engine/spi/SessionImplementor;)Ljava/io/Serializable;+100
j  org.hibernate.action.internal.EntityIdentityInsertAction.execute()V+38
j  org.hibernate.engine.spi.ActionQueue.execute(Lorg/hibernate/action/spi/Executable;)V+1
j  org.hibernate.engine.spi.ActionQueue.addResolvedEntityInsertAction(Lorg/hibernate/action/internal/AbstractEntityInsertAction;)V+33
j  org.hibernate.engine.spi.ActionQueue.addInsertAction(Lorg/hibernate/action/internal/AbstractEntityInsertAction;)V+44
j  org.hibernate.engine.spi.ActionQueue.addAction(Lorg/hibernate/action/internal/EntityIdentityInsertAction;)V+16
j  org.hibernate.event.internal.AbstractSaveEventListener.addInsertAction([Ljava/lang/Object;Ljava/io/Serializable;Ljava/lang/Object;Lorg/hibernate/persister/entity/EntityPersister;ZLorg/hibernate/event/spi/EventSource;Z)Lorg/hibernate/action/internal/AbstractEntityInsertAction;+35
j  org.hibernate.event.internal.AbstractSaveEventListener.performSaveOrReplicate(Ljava/lang/Object;Lorg/hibernate/engine/spi/EntityKey;Lorg/hibernate/persister/entity/EntityPersister;ZLjava/lang/Object;Lorg/hibernate/event/spi/EventSource;Z)Ljava/io/Serializable;+206
j  org.hibernate.event.internal.AbstractSaveEventListener.performSave(Ljava/lang/Object;Ljava/io/Serializable;Lorg/hibernate/persister/entity/EntityPersister;ZLjava/lang/Object;Lorg/hibernate/event/spi/EventSource;Z)Ljava/io/Serializable;+174
j  org.hibernate.event.internal.AbstractSaveEventListener.saveWithGeneratedId(Ljava/lang/Object;Ljava/lang/String;Ljava/lang/Object;Lorg/hibernate/event/spi/EventSource;Z)Ljava/io/Serializable;+99
j  org.hibernate.jpa.event.internal.core.JpaPersistEventListener.saveWithGeneratedId(Ljava/lang/Object;Ljava/lang/String;Ljava/lang/Object;Lorg/hibernate/event/spi/EventSource;Z)Ljava/io/Serializable;+18
j  org.hibernate.event.internal.DefaultPersistEventListener.entityIsTransient(Lorg/hibernate/event/spi/PersistEvent;Ljava/util/Map;)V+55
j  org.hibernate.event.internal.DefaultPersistEventListener.onPersist(Lorg/hibernate/event/spi/PersistEvent;Ljava/util/Map;)V+324
j  org.hibernate.event.internal.DefaultPersistEventListener.onPersist(Lorg/hibernate/event/spi/PersistEvent;)V+11
j  org.hibernate.internal.SessionImpl.firePersist(Lorg/hibernate/event/spi/PersistEvent;)V+46
j  org.hibernate.internal.SessionImpl.persist(Ljava/lang/String;Ljava/lang/Object;)V+11
j  org.hibernate.internal.SessionImpl.persist(Ljava/lang/Object;)V+3
j  org.hibernate.jpa.spi.AbstractEntityManagerImpl.persist(Ljava/lang/Object;)V+9
j  sun.reflect.GeneratedMethodAccessor40.invoke(Ljava/lang/Object;[Ljava/lang/Object;)Ljava/lang/Object;+40
J 3244 C2 java.lang.reflect.Method.invoke(Ljava/lang/Object;[Ljava/lang/Object;)Ljava/lang/Object; (62 bytes) @ 0x000000010fba99b0 [0x000000010fba9900+0xb0]
J 6519 C1 org.springframework.orm.jpa.ExtendedEntityManagerCreator$ExtendedEntityManagerInvocationHandler.invoke(Ljava/lang/Object;Ljava/lang/reflect/Method;[Ljava/lang/Object;)Ljava/lang/Object; (303 bytes) @ 0x0000000110335e5c [0x00000001103344e0+0x197c]
j  com.sun.proxy.$Proxy74.persist(Ljava/lang/Object;)V+16
j  sun.reflect.GeneratedMethodAccessor40.invoke(Ljava/lang/Object;[Ljava/lang/Object;)Ljava/lang/Object;+40
J 3244 C2 java.lang.reflect.Method.invoke(Ljava/lang/Object;[Ljava/lang/Object;)Ljava/lang/Object; (62 bytes) @ 0x000000010fba99b0 [0x000000010fba9900+0xb0]
j  org.springframework.orm.jpa.SharedEntityManagerCreator$SharedEntityManagerInvocationHandler.invoke(Ljava/lang/Object;Ljava/lang/reflect/Method;[Ljava/lang/Object;)Ljava/lang/Object;+421
j  com.sun.proxy.$Proxy74.persist(Ljava/lang/Object;)V+16
j  org.springframework.data.jpa.repository.support.SimpleJpaRepository.save(Ljava/lang/Object;)Ljava/lang/Object;+18
j  sun.reflect.GeneratedMethodAccessor57.invoke(Ljava/lang/Object;[Ljava/lang/Object;)Ljava/lang/Object;+40
J 3244 C2 java.lang.reflect.Method.invoke(Ljava/lang/Object;[Ljava/lang/Object;)Ljava/lang/Object; (62 bytes) @ 0x000000010fba99b0 [0x000000010fba9900+0xb0]
j  org.springframework.data.repository.core.support.RepositoryFactorySupport$QueryExecutorMethodInterceptor.executeMethodOn(Ljava/lang/Object;Ljava/lang/reflect/Method;[Ljava/lang/Object;)Ljava/lang/Object;+3
j  org.springframework.data.repository.core.support.RepositoryFactorySupport$QueryExecutorMethodInterceptor.doInvoke(Lorg/aopalliance/intercept/MethodInvocation;)Ljava/lang/Object;+99
j  org.springframework.data.repository.core.support.RepositoryFactorySupport$QueryExecutorMethodInterceptor.invoke(Lorg/aopalliance/intercept/MethodInvocation;)Ljava/lang/Object;+2
J 6742 C1 org.springframework.aop.framework.ReflectiveMethodInvocation.proceed()Ljava/lang/Object; (107 bytes) @ 0x000000010f47a9ac [0x000000010f47a1e0+0x7cc]
j  org.springframework.data.repository.core.support.RepositoryFactorySupport$DefaultMethodInvokingMethodInterceptor.invoke(Lorg/aopalliance/intercept/MethodInvocation;)Ljava/lang/Object;+15
J 6742 C1 org.springframework.aop.framework.ReflectiveMethodInvocation.proceed()Ljava/lang/Object; (107 bytes) @ 0x000000010f47a9ac [0x000000010f47a1e0+0x7cc]
j  org.springframework.transaction.interceptor.TransactionInterceptor$1.proceedWithInvocation()Ljava/lang/Object;+4
j  org.springframework.transaction.interceptor.TransactionAspectSupport.invokeWithinTransaction(Ljava/lang/reflect/Method;Ljava/lang/Class;Lorg/springframework/transaction/interceptor/TransactionAspectSupport$InvocationCallback;)Ljava/lang/Object;+58
j  org.springframework.transaction.interceptor.TransactionInterceptor.invoke(Lorg/aopalliance/intercept/MethodInvocation;)Ljava/lang/Object;+40
J 6742 C1 org.springframework.aop.framework.ReflectiveMethodInvocation.proceed()Ljava/lang/Object; (107 bytes) @ 0x000000010f47a9ac [0x000000010f47a1e0+0x7cc]
j  org.springframework.dao.support.PersistenceExceptionTranslationInterceptor.invoke(Lorg/aopalliance/intercept/MethodInvocation;)Ljava/lang/Object;+1
J 6742 C1 org.springframework.aop.framework.ReflectiveMethodInvocation.proceed()Ljava/lang/Object; (107 bytes) @ 0x000000010f47a9ac [0x000000010f47a1e0+0x7cc]
j  org.springframework.data.jpa.repository.support.CrudMethodMetadataPostProcessor$CrudMethodMetadataPopulatingMethodIntercceptor.invoke(Lorg/aopalliance/intercept/MethodInvocation;)Ljava/lang/Object;+89
J 6742 C1 org.springframework.aop.framework.ReflectiveMethodInvocation.proceed()Ljava/lang/Object; (107 bytes) @ 0x000000010f47a9ac [0x000000010f47a1e0+0x7cc]
j  org.springframework.aop.interceptor.ExposeInvocationInterceptor.invoke(Lorg/aopalliance/intercept/MethodInvocation;)Ljava/lang/Object;+18
J 6742 C1 org.springframework.aop.framework.ReflectiveMethodInvocation.proceed()Ljava/lang/Object; (107 bytes) @ 0x000000010f47a9ac [0x000000010f47a1e0+0x7cc]
j  org.springframework.aop.framework.JdkDynamicAopProxy.invoke(Ljava/lang/Object;Ljava/lang/reflect/Method;[Ljava/lang/Object;)Ljava/lang/Object;+321
j  com.sun.proxy.$Proxy80.save(Ljava/lang/Object;)Ljava/lang/Object;+16
j  tw.guid.local.models.RestfulAuditTrailServiceImpl.audit(Lorg/springframework/web/bind/annotation/RequestMethod;Ljava/lang/String;Lorg/springframework/http/HttpStatus;)V+57
j  sun.reflect.GeneratedMethodAccessor60.invoke(Ljava/lang/Object;[Ljava/lang/Object;)Ljava/lang/Object;+56
J 3244 C2 java.lang.reflect.Method.invoke(Ljava/lang/Object;[Ljava/lang/Object;)Ljava/lang/Object; (62 bytes) @ 0x000000010fba99b0 [0x000000010fba9900+0xb0]
j  org.springframework.aop.support.AopUtils.invokeJoinpointUsingReflection(Ljava/lang/Object;Ljava/lang/reflect/Method;[Ljava/lang/Object;)Ljava/lang/Object;+7
J 6742 C1 org.springframework.aop.framework.ReflectiveMethodInvocation.proceed()Ljava/lang/Object; (107 bytes) @ 0x000000010f47aa44 [0x000000010f47a1e0+0x864]
j  org.springframework.transaction.interceptor.TransactionInterceptor$1.proceedWithInvocation()Ljava/lang/Object;+4
j  org.springframework.transaction.interceptor.TransactionAspectSupport.invokeWithinTransaction(Ljava/lang/reflect/Method;Ljava/lang/Class;Lorg/springframework/transaction/interceptor/TransactionAspectSupport$InvocationCallback;)Ljava/lang/Object;+58
j  org.springframework.transaction.interceptor.TransactionInterceptor.invoke(Lorg/aopalliance/intercept/MethodInvocation;)Ljava/lang/Object;+40
J 6742 C1 org.springframework.aop.framework.ReflectiveMethodInvocation.proceed()Ljava/lang/Object; (107 bytes) @ 0x000000010f47a9ac [0x000000010f47a1e0+0x7cc]
j  org.springframework.aop.framework.JdkDynamicAopProxy.invoke(Ljava/lang/Object;Ljava/lang/reflect/Method;[Ljava/lang/Object;)Ljava/lang/Object;+321
j  com.sun.proxy.$Proxy81.audit(Lorg/springframework/web/bind/annotation/RequestMethod;Ljava/lang/String;Lorg/springframework/http/HttpStatus;)V+24
j  tw.guid.local.models.RestfulAudit.end(Lorg/springframework/http/HttpStatus;)I+19
j  tw.guid.local.controllers.aop.RestfulAuditAspect.afterReturningMethodInRestController(Lorg/aspectj/lang/JoinPoint;)V+9
j  tw.guid.local.controllers.MainController.login()Ljava/lang/String;+23
v  ~StubRoutines::call_stub
J 2610  sun.reflect.NativeMethodAccessorImpl.invoke0(Ljava/lang/reflect/Method;Ljava/lang/Object;[Ljava/lang/Object;)Ljava/lang/Object; (0 bytes) @ 0x000000010f82bff7 [0x000000010f82bf80+0x77]
J 2609 C1 sun.reflect.NativeMethodAccessorImpl.invoke(Ljava/lang/Object;[Ljava/lang/Object;)Ljava/lang/Object; (91 bytes) @ 0x000000010f82b644 [0x000000010f82a960+0xce4]
J 3244 C2 java.lang.reflect.Method.invoke(Ljava/lang/Object;[Ljava/lang/Object;)Ljava/lang/Object; (62 bytes) @ 0x000000010fba99b0 [0x000000010fba9900+0xb0]
j  org.springframework.web.method.support.InvocableHandlerMethod.doInvoke([Ljava/lang/Object;)Ljava/lang/Object;+16
j  org.springframework.web.method.support.InvocableHandlerMethod.invokeForRequest(Lorg/springframework/web/context/request/NativeWebRequest;Lorg/springframework/web/method/support/ModelAndViewContainer;[Ljava/lang/Object;)Ljava/lang/Object;+96
j  org.springframework.web.servlet.mvc.method.annotation.ServletInvocableHandlerMethod.invokeAndHandle(Lorg/springframework/web/context/request/ServletWebRequest;Lorg/springframework/web/method/support/ModelAndViewContainer;[Ljava/lang/Object;)V+4
j  org.springframework.web.servlet.mvc.method.annotation.RequestMappingHandlerAdapter.invokeHandleMethod(Ljavax/servlet/http/HttpServletRequest;Ljavax/servlet/http/HttpServletResponse;Lorg/springframework/web/method/HandlerMethod;)Lorg/springframework/web/servlet/ModelAndView;+230
j  org.springframework.web.servlet.mvc.method.annotation.RequestMappingHandlerAdapter.handleInternal(Ljavax/servlet/http/HttpServletRequest;Ljavax/servlet/http/HttpServletResponse;Lorg/springframework/web/method/HandlerMethod;)Lorg/springframework/web/servlet/ModelAndView;+89
j  org.springframework.web.servlet.mvc.method.AbstractHandlerMethodAdapter.handle(Ljavax/servlet/http/HttpServletRequest;Ljavax/servlet/http/HttpServletResponse;Ljava/lang/Object;)Lorg/springframework/web/servlet/ModelAndView;+7
j  org.springframework.web.servlet.DispatcherServlet.doDispatch(Ljavax/servlet/http/HttpServletRequest;Ljavax/servlet/http/HttpServletResponse;)V+318
j  org.springframework.web.servlet.DispatcherServlet.doService(Ljavax/servlet/http/HttpServletRequest;Ljavax/servlet/http/HttpServletResponse;)V+301
J 6830 C1 org.springframework.web.servlet.FrameworkServlet.processRequest(Ljavax/servlet/http/HttpServletRequest;Ljavax/servlet/http/HttpServletResponse;)V (307 bytes) @ 0x000000011040886c [0x0000000110407860+0x100c]
j  org.springframework.web.servlet.FrameworkServlet.doGet(Ljavax/servlet/http/HttpServletRequest;Ljavax/servlet/http/HttpServletResponse;)V+3
j  javax.servlet.http.HttpServlet.service(Ljavax/servlet/http/HttpServletRequest;Ljavax/servlet/http/HttpServletResponse;)V+35
j  org.springframework.web.servlet.FrameworkServlet.service(Ljavax/servlet/http/HttpServletRequest;Ljavax/servlet/http/HttpServletResponse;)V+32
J 6829 C1 javax.servlet.http.HttpServlet.service(Ljavax/servlet/ServletRequest;Ljavax/servlet/ServletResponse;)V (34 bytes) @ 0x0000000110401b24 [0x0000000110401820+0x304]
J 5763 C1 org.apache.catalina.core.ApplicationFilterChain.internalDoFilter(Ljavax/servlet/ServletRequest;Ljavax/servlet/ServletResponse;)V (574 bytes) @ 0x00000001101309fc [0x000000011012fb00+0xefc]
J 5764 C1 org.apache.catalina.core.ApplicationFilterChain.doFilter(Ljavax/servlet/ServletRequest;Ljavax/servlet/ServletResponse;)V (105 bytes) @ 0x0000000110132ec4 [0x0000000110132e40+0x84]
j  org.apache.tomcat.websocket.server.WsFilter.doFilter(Ljavax/servlet/ServletRequest;Ljavax/servlet/ServletResponse;Ljavax/servlet/FilterChain;)V+21
J 5763 C1 org.apache.catalina.core.ApplicationFilterChain.internalDoFilter(Ljavax/servlet/ServletRequest;Ljavax/servlet/ServletResponse;)V (574 bytes) @ 0x0000000110130154 [0x000000011012fb00+0x654]
J 5764 C1 org.apache.catalina.core.ApplicationFilterChain.doFilter(Ljavax/servlet/ServletRequest;Ljavax/servlet/ServletResponse;)V (105 bytes) @ 0x0000000110132ec4 [0x0000000110132e40+0x84]
J 5407 C1 org.springframework.security.web.FilterChainProxy$VirtualFilterChain.doFilter(Ljavax/servlet/ServletRequest;Ljavax/servlet/ServletResponse;)V (198 bytes) @ 0x000000011005c73c [0x00000001100597c0+0x2f7c]
j  org.springframework.security.web.access.intercept.FilterSecurityInterceptor.invoke(Lorg/springframework/security/web/FilterInvocation;)V+87
j  org.springframework.security.web.access.intercept.FilterSecurityInterceptor.doFilter(Ljavax/servlet/ServletRequest;Ljavax/servlet/ServletResponse;Ljavax/servlet/FilterChain;)V+15
J 5407 C1 org.springframework.security.web.FilterChainProxy$VirtualFilterChain.doFilter(Ljavax/servlet/ServletRequest;Ljavax/servlet/ServletResponse;)V (198 bytes) @ 0x000000011005c5ac [0x00000001100597c0+0x2dec]
j  org.springframework.security.web.access.ExceptionTranslationFilter.doFilter(Ljavax/servlet/ServletRequest;Ljavax/servlet/ServletResponse;Ljavax/servlet/FilterChain;)V+17
J 5407 C1 org.springframework.security.web.FilterChainProxy$VirtualFilterChain.doFilter(Ljavax/servlet/ServletRequest;Ljavax/servlet/ServletResponse;)V (198 bytes) @ 0x000000011005c5ac [0x00000001100597c0+0x2dec]
j  org.springframework.security.web.session.SessionManagementFilter.doFilter(Ljavax/servlet/ServletRequest;Ljavax/servlet/ServletResponse;Ljavax/servlet/FilterChain;)V+258
J 5407 C1 org.springframework.security.web.FilterChainProxy$VirtualFilterChain.doFilter(Ljavax/servlet/ServletRequest;Ljavax/servlet/ServletResponse;)V (198 bytes) @ 0x000000011005c5ac [0x00000001100597c0+0x2dec]
j  org.springframework.security.web.authentication.AnonymousAuthenticationFilter.doFilter(Ljavax/servlet/ServletRequest;Ljavax/servlet/ServletResponse;Ljavax/servlet/FilterChain;)V+148
J 5407 C1 org.springframework.security.web.FilterChainProxy$VirtualFilterChain.doFilter(Ljavax/servlet/ServletRequest;Ljavax/servlet/ServletResponse;)V (198 bytes) @ 0x000000011005c5ac [0x00000001100597c0+0x2dec]
j  org.springframework.security.web.servletapi.SecurityContextHolderAwareRequestFilter.doFilter(Ljavax/servlet/ServletRequest;Ljavax/servlet/ServletResponse;Ljavax/servlet/FilterChain;)V+19
J 5407 C1 org.springframework.security.web.FilterChainProxy$VirtualFilterChain.doFilter(Ljavax/servlet/ServletRequest;Ljavax/servlet/ServletResponse;)V (198 bytes) @ 0x000000011005c5ac [0x00000001100597c0+0x2dec]
j  org.springframework.security.web.savedrequest.RequestCacheAwareFilter.doFilter(Ljavax/servlet/ServletRequest;Ljavax/servlet/ServletResponse;Ljavax/servlet/FilterChain;)V+32
J 5407 C1 org.springframework.security.web.FilterChainProxy$VirtualFilterChain.doFilter(Ljavax/servlet/ServletRequest;Ljavax/servlet/ServletResponse;)V (198 bytes) @ 0x000000011005c5ac [0x00000001100597c0+0x2dec]
j  org.springframework.security.web.authentication.AbstractAuthenticationProcessingFilter.doFilter(Ljavax/servlet/ServletRequest;Ljavax/servlet/ServletResponse;Ljavax/servlet/FilterChain;)V+28
J 5407 C1 org.springframework.security.web.FilterChainProxy$VirtualFilterChain.doFilter(Ljavax/servlet/ServletRequest;Ljavax/servlet/ServletResponse;)V (198 bytes) @ 0x000000011005c5ac [0x00000001100597c0+0x2dec]
j  org.springframework.security.web.authentication.logout.LogoutFilter.doFilter(Ljavax/servlet/ServletRequest;Ljavax/servlet/ServletResponse;Ljavax/servlet/FilterChain;)V+149
J 5407 C1 org.springframework.security.web.FilterChainProxy$VirtualFilterChain.doFilter(Ljavax/servlet/ServletRequest;Ljavax/servlet/ServletResponse;)V (198 bytes) @ 0x000000011005c5ac [0x00000001100597c0+0x2dec]
j  org.springframework.security.web.header.HeaderWriterFilter.doFilterInternal(Ljavax/servlet/http/HttpServletRequest;Ljavax/servlet/http/HttpServletResponse;Ljavax/servlet/FilterChain;)V+48
J 6880 C1 org.springframework.web.filter.OncePerRequestFilter.doFilter(Ljavax/servlet/ServletRequest;Ljavax/servlet/ServletResponse;Ljavax/servlet/FilterChain;)V (139 bytes) @ 0x000000011042aad4 [0x000000011042a240+0x894]
J 5407 C1 org.springframework.security.web.FilterChainProxy$VirtualFilterChain.doFilter(Ljavax/servlet/ServletRequest;Ljavax/servlet/ServletResponse;)V (198 bytes) @ 0x000000011005c5ac [0x00000001100597c0+0x2dec]
j  org.springframework.security.web.context.SecurityContextPersistenceFilter.doFilter(Ljavax/servlet/ServletRequest;Ljavax/servlet/ServletResponse;Ljavax/servlet/FilterChain;)V+165
J 5407 C1 org.springframework.security.web.FilterChainProxy$VirtualFilterChain.doFilter(Ljavax/servlet/ServletRequest;Ljavax/servlet/ServletResponse;)V (198 bytes) @ 0x000000011005c5ac [0x00000001100597c0+0x2dec]
j  org.springframework.security.web.context.request.async.WebAsyncManagerIntegrationFilter.doFilterInternal(Ljavax/servlet/http/HttpServletRequest;Ljavax/servlet/http/HttpServletResponse;Ljavax/servlet/FilterChain;)V+42
J 6880 C1 org.springframework.web.filter.OncePerRequestFilter.doFilter(Ljavax/servlet/ServletRequest;Ljavax/servlet/ServletResponse;Ljavax/servlet/FilterChain;)V (139 bytes) @ 0x000000011042aad4 [0x000000011042a240+0x894]
J 5407 C1 org.springframework.security.web.FilterChainProxy$VirtualFilterChain.doFilter(Ljavax/servlet/ServletRequest;Ljavax/servlet/ServletResponse;)V (198 bytes) @ 0x000000011005c5ac [0x00000001100597c0+0x2dec]
j  org.springframework.security.web.FilterChainProxy.doFilterInternal(Ljavax/servlet/ServletRequest;Ljavax/servlet/ServletResponse;Ljavax/servlet/FilterChain;)V+142
j  org.springframework.security.web.FilterChainProxy.doFilter(Ljavax/servlet/ServletRequest;Ljavax/servlet/ServletResponse;Ljavax/servlet/FilterChain;)V+40
J 5763 C1 org.apache.catalina.core.ApplicationFilterChain.internalDoFilter(Ljavax/servlet/ServletRequest;Ljavax/servlet/ServletResponse;)V (574 bytes) @ 0x0000000110130154 [0x000000011012fb00+0x654]
J 5764 C1 org.apache.catalina.core.ApplicationFilterChain.doFilter(Ljavax/servlet/ServletRequest;Ljavax/servlet/ServletResponse;)V (105 bytes) @ 0x0000000110132ec4 [0x0000000110132e40+0x84]
j  org.springframework.web.filter.HiddenHttpMethodFilter.doFilterInternal(Ljavax/servlet/http/HttpServletRequest;Ljavax/servlet/http/HttpServletResponse;Ljavax/servlet/FilterChain;)V+71
J 6880 C1 org.springframework.web.filter.OncePerRequestFilter.doFilter(Ljavax/servlet/ServletRequest;Ljavax/servlet/ServletResponse;Ljavax/servlet/FilterChain;)V (139 bytes) @ 0x000000011042aad4 [0x000000011042a240+0x894]
J 5763 C1 org.apache.catalina.core.ApplicationFilterChain.internalDoFilter(Ljavax/servlet/ServletRequest;Ljavax/servlet/ServletResponse;)V (574 bytes) @ 0x0000000110130154 [0x000000011012fb00+0x654]
J 5764 C1 org.apache.catalina.core.ApplicationFilterChain.doFilter(Ljavax/servlet/ServletRequest;Ljavax/servlet/ServletResponse;)V (105 bytes) @ 0x0000000110132ec4 [0x0000000110132e40+0x84]
j  org.springframework.web.filter.CharacterEncodingFilter.doFilterInternal(Ljavax/servlet/http/HttpServletRequest;Ljavax/servlet/http/HttpServletResponse;Ljavax/servlet/FilterChain;)V+53
J 6880 C1 org.springframework.web.filter.OncePerRequestFilter.doFilter(Ljavax/servlet/ServletRequest;Ljavax/servlet/ServletResponse;Ljavax/servlet/FilterChain;)V (139 bytes) @ 0x000000011042aad4 [0x000000011042a240+0x894]
J 5763 C1 org.apache.catalina.core.ApplicationFilterChain.internalDoFilter(Ljavax/servlet/ServletRequest;Ljavax/servlet/ServletResponse;)V (574 bytes) @ 0x0000000110130154 [0x000000011012fb00+0x654]
J 5764 C1 org.apache.catalina.core.ApplicationFilterChain.doFilter(Ljavax/servlet/ServletRequest;Ljavax/servlet/ServletResponse;)V (105 bytes) @ 0x0000000110132ec4 [0x0000000110132e40+0x84]
j  org.apache.catalina.core.StandardWrapperValve.invoke(Lorg/apache/catalina/connector/Request;Lorg/apache/catalina/connector/Response;)V+781
j  org.apache.catalina.core.StandardContextValve.invoke(Lorg/apache/catalina/connector/Request;Lorg/apache/catalina/connector/Response;)V+166
j  org.apache.catalina.authenticator.AuthenticatorBase.invoke(Lorg/apache/catalina/connector/Request;Lorg/apache/catalina/connector/Response;)V+897
j  org.apache.catalina.core.StandardHostValve.invoke(Lorg/apache/catalina/connector/Request;Lorg/apache/catalina/connector/Response;)V+135
j  org.apache.catalina.valves.ErrorReportValve.invoke(Lorg/apache/catalina/connector/Request;Lorg/apache/catalina/connector/Response;)V+6
j  org.apache.catalina.core.StandardEngineValve.invoke(Lorg/apache/catalina/connector/Request;Lorg/apache/catalina/connector/Response;)V+71
j  org.apache.catalina.connector.CoyoteAdapter.service(Lorg/apache/coyote/Request;Lorg/apache/coyote/Response;)V+199
j  org.apache.coyote.http11.AbstractHttp11Processor.process(Lorg/apache/tomcat/util/net/SocketWrapper;)Lorg/apache/tomcat/util/net/AbstractEndpoint$Handler$SocketState;+624
J 6835 C1 org.apache.coyote.AbstractProtocol$AbstractConnectionHandler.process(Lorg/apache/tomcat/util/net/SocketWrapper;Lorg/apache/tomcat/util/net/SocketStatus;)Lorg/apache/tomcat/util/net/AbstractEndpoint$Handler$SocketState; (856 bytes) @ 0x000000011040e31c [0x000000011040c4a0+0x1e7c]
J 7038 C1 org.apache.tomcat.util.net.NioEndpoint$SocketProcessor.doRun(Ljava/nio/channels/SelectionKey;Lorg/apache/tomcat/util/net/NioEndpoint$KeyAttachment;)V (691 bytes) @ 0x000000011047feac [0x000000011047f120+0xd8c]
J 6771 C1 org.apache.tomcat.util.net.NioEndpoint$SocketProcessor.run()V (106 bytes) @ 0x00000001103cb234 [0x00000001103cad20+0x514]
j  java.util.concurrent.ThreadPoolExecutor.runWorker(Ljava/util/concurrent/ThreadPoolExecutor$Worker;)V+95
j  java.util.concurrent.ThreadPoolExecutor$Worker.run()V+5
j  org.apache.tomcat.util.threads.TaskThread$WrappingRunnable.run()V+4
j  java.lang.Thread.run()V+11
v  ~StubRoutines::call_stub

---------------  P R O C E S S  ---------------

Java Threads: ( => current thread )
=>0x00007fcb6ea93000 JavaThread "http-nio-8443-exec-10" daemon [_thread_in_vm, id=28163, stack(0x00000001299a5000,0x0000000129aa5000)]
  0x00007fcb6e97f800 JavaThread "http-nio-8443-exec-9" daemon [_thread_blocked, id=27651, stack(0x000000012b87f000,0x000000012b97f000)]
  0x00007fcb6f8dc000 JavaThread "http-nio-8443-exec-8" daemon [_thread_blocked, id=27139, stack(0x000000012b77c000,0x000000012b87c000)]
  0x00007fcb6f8ad800 JavaThread "http-nio-8443-exec-7" daemon [_thread_blocked, id=26627, stack(0x000000012b679000,0x000000012b779000)]
  0x00007fcb6dcf7800 JavaThread "http-nio-8443-exec-6" daemon [_thread_blocked, id=26115, stack(0x000000012b576000,0x000000012b676000)]
  0x00007fcb6c9d7800 JavaThread "http-nio-8443-exec-5" daemon [_thread_blocked, id=25603, stack(0x000000012b473000,0x000000012b573000)]
  0x00007fcb6f0ef000 JavaThread "http-nio-8443-exec-4" daemon [_thread_blocked, id=25091, stack(0x000000012b370000,0x000000012b470000)]
  0x00007fcb6f8ac800 JavaThread "http-nio-8443-exec-3" daemon [_thread_blocked, id=24579, stack(0x000000012b26d000,0x000000012b36d000)]
  0x00007fcb6c9d2800 JavaThread "http-nio-8443-exec-2" daemon [_thread_blocked, id=19463, stack(0x00000001279e7000,0x0000000127ae7000)]
  0x00007fcb6daae000 JavaThread "http-nio-8443-exec-1" daemon [_thread_blocked, id=19207, stack(0x000000012768b000,0x000000012778b000)]
  0x00007fcb6c802800 JavaThread "DestroyJavaVM" [_thread_blocked, id=4867, stack(0x000000010da28000,0x000000010db28000)]
  0x00007fcb6f1aa800 JavaThread "http-nio-8080-Acceptor-0" daemon [_thread_in_native, id=24067, stack(0x000000012acea000,0x000000012adea000)]
  0x00007fcb6f1aa000 JavaThread "http-nio-8080-ClientPoller-1" daemon [_thread_in_native, id=23555, stack(0x000000012a9b5000,0x000000012aab5000)]
  0x00007fcb6f169800 JavaThread "http-nio-8080-ClientPoller-0" daemon [_thread_in_native, id=23043, stack(0x000000012a8b2000,0x000000012a9b2000)]
  0x00007fcb6b8c4800 JavaThread "NioBlockingSelector.BlockPoller-2" daemon [_thread_in_native, id=22531, stack(0x00000001298a2000,0x00000001299a2000)]
  0x00007fcb6f8e3000 JavaThread "http-nio-8443-Acceptor-0" daemon [_thread_in_native, id=22019, stack(0x000000012979f000,0x000000012989f000)]
  0x00007fcb6f164800 JavaThread "http-nio-8443-ClientPoller-1" daemon [_thread_in_native, id=14087, stack(0x000000012969c000,0x000000012979c000)]
  0x00007fcb6bd14800 JavaThread "http-nio-8443-ClientPoller-0" daemon [_thread_in_native, id=12807, stack(0x00000001285ba000,0x00000001286ba000)]
  0x00007fcb6f8e2800 JavaThread "NioBlockingSelector.BlockPoller-1" daemon [_thread_in_native, id=16395, stack(0x00000001283b3000,0x00000001284b3000)]
  0x00007fcb6d159000 JavaThread "container-0" [_thread_blocked, id=21251, stack(0x000000012b16a000,0x000000012b26a000)]
  0x00007fcb6d8e5000 JavaThread "ContainerBackgroundProcessor[StandardEngine[Tomcat].StandardHost[localhost].StandardContext[]]" daemon [_thread_blocked, id=20743, stack(0x000000012b067000,0x000000012b167000)]
  0x00007fcb6f12e000 JavaThread "Tomcat JDBC Pool Cleaner[1956725890:1440595159210]" daemon [_thread_blocked, id=20227, stack(0x0000000129f31000,0x000000012a031000)]
  0x00007fcb6c863800 JavaThread "Service Thread" daemon [_thread_blocked, id=18179, stack(0x0000000126ff9000,0x00000001270f9000)]
  0x00007fcb6c806800 JavaThread "C1 CompilerThread2" daemon [_thread_blocked, id=17667, stack(0x0000000126ef6000,0x0000000126ff6000)]
  0x00007fcb6c805800 JavaThread "C2 CompilerThread1" daemon [_thread_blocked, id=17155, stack(0x0000000126df3000,0x0000000126ef3000)]
  0x00007fcb6c80d000 JavaThread "C2 CompilerThread0" daemon [_thread_blocked, id=16643, stack(0x0000000126cf0000,0x0000000126df0000)]
  0x00007fcb6b843800 JavaThread "Signal Dispatcher" daemon [_thread_blocked, id=13327, stack(0x0000000126bed000,0x0000000126ced000)]
  0x00007fcb6c842000 JavaThread "Finalizer" daemon [_thread_blocked, id=11523, stack(0x00000001251da000,0x00000001252da000)]
  0x00007fcb6c83b800 JavaThread "Reference Handler" daemon [_thread_blocked, id=11011, stack(0x00000001250d7000,0x00000001251d7000)]

Other Threads:
  0x00007fcb6c839000 VMThread [stack: 0x0000000124fd4000,0x00000001250d4000] [id=10499]
  0x00007fcb6d001800 WatcherThread [stack: 0x00000001270fc000,0x00000001271fc000] [id=18691]

VM state:not at safepoint (normal execution)

VM Mutex/Monitor currently owned by a thread: None

Heap:
 PSYoungGen      total 298496K, used 61755K [0x0000000795500000, 0x00000007ac300000, 0x00000007c0000000)
  eden space 280576K, 18% used [0x0000000795500000,0x00000007988cac78,0x00000007a6700000)
  from space 17920K, 48% used [0x00000007a6700000,0x00000007a6f84198,0x00000007a7880000)
  to   space 17408K, 0% used [0x00000007ab200000,0x00000007ab200000,0x00000007ac300000)
 ParOldGen       total 100864K, used 41184K [0x0000000740000000, 0x0000000746280000, 0x0000000795500000)
  object space 100864K, 40% used [0x0000000740000000,0x0000000742838320,0x0000000746280000)
 Metaspace       used 53849K, capacity 54372K, committed 54912K, reserved 1097728K
  class space    used 6874K, capacity 6985K, committed 7040K, reserved 1048576K

Card table byte_map: [0x000000011e67a000,0x000000011ea7b000] byte_map_base: 0x000000011ac7a000

Marking Bits: (ParMarkBitMap*) 0x000000010ec630b0
 Begin Bits: [0x000000011f132000, 0x0000000121132000)
 End Bits:   [0x0000000121132000, 0x0000000123132000)

Polling page: 0x000000010db6c000

CodeCache: size=245760Kb used=18642Kb max_used=18645Kb free=227117Kb
 bounds [0x000000010f2ba000, 0x000000011051a000, 0x000000011e2ba000]
 total_blobs=6453 nmethods=5907 adapters=462
 compilation: enabled

Compilation events (10 events):
Event: 24468.588 Thread 0x00007fcb6c806800 7246       3       org.apache.catalina.core.ApplicationFilterChain::release (44 bytes)
Event: 24468.589 Thread 0x00007fcb6c806800 nmethod 7246 0x000000010f635610 code [0x000000010f635780, 0x000000010f635b10]
Event: 24468.595 Thread 0x00007fcb6c805800 nmethod 7243 0x000000010f630690 code [0x000000010f630820, 0x000000010f630d78]
Event: 24468.597 Thread 0x00007fcb6c806800 7249       3       org.apache.catalina.connector.ResponseFacade::setHeader (18 bytes)
Event: 24468.599 Thread 0x00007fcb6c806800 nmethod 7249 0x000000010f62fe90 code [0x000000010f630040, 0x000000010f630418]
Event: 24468.602 Thread 0x00007fcb6c806800 7252       1       org.springframework.web.method.HandlerMethod::getBridgedMethod (5 bytes)
Event: 24468.603 Thread 0x00007fcb6c806800 nmethod 7252 0x000000010f632490 code [0x000000010f6325e0, 0x000000010f6326f0]
Event: 24468.607 Thread 0x00007fcb6c806800 7247       3       org.apache.catalina.core.StandardWrapper::getAvailable (5 bytes)
Event: 24468.608 Thread 0x00007fcb6c806800 nmethod 7247 0x000000010f632150 code [0x000000010f6322a0, 0x000000010f6323f0]
Event: 24468.609 Thread 0x00007fcb6c806800 7248   !   3       org.apache.catalina.connector.CoyoteAdapter::parsePathParameters (687 bytes)

GC Heap History (10 events):
Event: 4.876 GC heap before
{Heap before GC invocations=9 (full 1):
 PSYoungGen      total 142848K, used 134144K [0x0000000795500000, 0x00000007a6c00000, 0x00000007c0000000)
  eden space 134144K, 100% used [0x0000000795500000,0x000000079d800000,0x000000079d800000)
  from space 8704K, 0% used [0x000000079d800000,0x000000079d800000,0x000000079e080000)
  to   space 8704K, 0% used [0x00000007a6380000,0x00000007a6380000,0x00000007a6c00000)
 ParOldGen       total 58368K, used 9004K [0x0000000740000000, 0x0000000743900000, 0x0000000795500000)
  object space 58368K, 15% used [0x0000000740000000,0x00000007408cb0a0,0x0000000743900000)
 Metaspace       used 25341K, capacity 25552K, committed 25856K, reserved 1071104K
  class space    used 3176K, capacity 3204K, committed 3328K, reserved 1048576K
Event: 4.888 GC heap after
Heap after GC invocations=9 (full 1):
 PSYoungGen      total 221696K, used 8680K [0x0000000795500000, 0x00000007a6c00000, 0x00000007c0000000)
  eden space 212992K, 0% used [0x0000000795500000,0x0000000795500000,0x00000007a2500000)
  from space 8704K, 99% used [0x00000007a6380000,0x00000007a6bfa160,0x00000007a6c00000)
  to   space 10240K, 0% used [0x00000007a5800000,0x00000007a5800000,0x00000007a6200000)
 ParOldGen       total 58368K, used 10125K [0x0000000740000000, 0x0000000743900000, 0x0000000795500000)
  object space 58368K, 17% used [0x0000000740000000,0x00000007409e3518,0x0000000743900000)
 Metaspace       used 25341K, capacity 25552K, committed 25856K, reserved 1071104K
  class space    used 3176K, capacity 3204K, committed 3328K, reserved 1048576K
}
Event: 6.548 GC heap before
{Heap before GC invocations=10 (full 1):
 PSYoungGen      total 221696K, used 161164K [0x0000000795500000, 0x00000007a6c00000, 0x00000007c0000000)
  eden space 212992K, 71% used [0x0000000795500000,0x000000079e9e8f20,0x00000007a2500000)
  from space 8704K, 99% used [0x00000007a6380000,0x00000007a6bfa160,0x00000007a6c00000)
  to   space 10240K, 0% used [0x00000007a5800000,0x00000007a5800000,0x00000007a6200000)
 ParOldGen       total 58368K, used 10125K [0x0000000740000000, 0x0000000743900000, 0x0000000795500000)
  object space 58368K, 17% used [0x0000000740000000,0x00000007409e3518,0x0000000743900000)
 Metaspace       used 34571K, capacity 34854K, committed 35096K, reserved 1079296K
  class space    used 4425K, capacity 4465K, committed 4480K, reserved 1048576K
Event: 6.567 GC heap after
Heap after GC invocations=10 (full 1):
 PSYoungGen      total 275456K, used 10209K [0x0000000795500000, 0x00000007a8600000, 0x00000007c0000000)
  eden space 265216K, 0% used [0x0000000795500000,0x0000000795500000,0x00000007a5800000)
  from space 10240K, 99% used [0x00000007a5800000,0x00000007a61f84c8,0x00000007a6200000)
  to   space 13824K, 0% used [0x00000007a7880000,0x00000007a7880000,0x00000007a8600000)
 ParOldGen       total 58368K, used 16998K [0x0000000740000000, 0x0000000743900000, 0x0000000795500000)
  object space 58368K, 29% used [0x0000000740000000,0x0000000741099808,0x0000000743900000)
 Metaspace       used 34571K, capacity 34854K, committed 35096K, reserved 1079296K
  class space    used 4425K, capacity 4465K, committed 4480K, reserved 1048576K
}
Event: 6.567 GC heap before
{Heap before GC invocations=11 (full 2):
 PSYoungGen      total 275456K, used 10209K [0x0000000795500000, 0x00000007a8600000, 0x00000007c0000000)
  eden space 265216K, 0% used [0x0000000795500000,0x0000000795500000,0x00000007a5800000)
  from space 10240K, 99% used [0x00000007a5800000,0x00000007a61f84c8,0x00000007a6200000)
  to   space 13824K, 0% used [0x00000007a7880000,0x00000007a7880000,0x00000007a8600000)
 ParOldGen       total 58368K, used 16998K [0x0000000740000000, 0x0000000743900000, 0x0000000795500000)
  object space 58368K, 29% used [0x0000000740000000,0x0000000741099808,0x0000000743900000)
 Metaspace       used 34571K, capacity 34854K, committed 35096K, reserved 1079296K
  class space    used 4425K, capacity 4465K, committed 4480K, reserved 1048576K
Event: 6.649 GC heap after
Heap after GC invocations=11 (full 2):
 PSYoungGen      total 275456K, used 0K [0x0000000795500000, 0x00000007a8600000, 0x00000007c0000000)
  eden space 265216K, 0% used [0x0000000795500000,0x0000000795500000,0x00000007a5800000)
  from space 10240K, 0% used [0x00000007a5800000,0x00000007a5800000,0x00000007a6200000)
  to   space 13824K, 0% used [0x00000007a7880000,0x00000007a7880000,0x00000007a8600000)
 ParOldGen       total 100864K, used 24068K [0x0000000740000000, 0x0000000746280000, 0x0000000795500000)
  object space 100864K, 23% used [0x0000000740000000,0x0000000741781158,0x0000000746280000)
 Metaspace       used 34571K, capacity 34854K, committed 35096K, reserved 1079296K
  class space    used 4425K, capacity 4465K, committed 4480K, reserved 1048576K
}
Event: 10.437 GC heap before
{Heap before GC invocations=12 (full 2):
 PSYoungGen      total 275456K, used 265216K [0x0000000795500000, 0x00000007a8600000, 0x00000007c0000000)
  eden space 265216K, 100% used [0x0000000795500000,0x00000007a5800000,0x00000007a5800000)
  from space 10240K, 0% used [0x00000007a5800000,0x00000007a5800000,0x00000007a6200000)
  to   space 13824K, 0% used [0x00000007a7880000,0x00000007a7880000,0x00000007a8600000)
 ParOldGen       total 100864K, used 24068K [0x0000000740000000, 0x0000000746280000, 0x0000000795500000)
  object space 100864K, 23% used [0x0000000740000000,0x0000000741781158,0x0000000746280000)
 Metaspace       used 45863K, capacity 46244K, committed 46592K, reserved 1089536K
  class space    used 6023K, capacity 6137K, committed 6144K, reserved 1048576K
Event: 10.460 GC heap after
Heap after GC invocations=12 (full 2):
 PSYoungGen      total 294400K, used 13820K [0x0000000795500000, 0x00000007abc80000, 0x00000007c0000000)
  eden space 280576K, 0% used [0x0000000795500000,0x0000000795500000,0x00000007a6700000)
  from space 13824K, 99% used [0x00000007a7880000,0x00000007a85ff158,0x00000007a8600000)
  to   space 17920K, 0% used [0x00000007a6700000,0x00000007a6700000,0x00000007a7880000)
 ParOldGen       total 100864K, used 30225K [0x0000000740000000, 0x0000000746280000, 0x0000000795500000)
  object space 100864K, 29% used [0x0000000740000000,0x0000000741d84650,0x0000000746280000)
 Metaspace       used 45863K, capacity 46244K, committed 46592K, reserved 1089536K
  class space    used 6023K, capacity 6137K, committed 6144K, reserved 1048576K
}
Event: 2516.803 GC heap before
{Heap before GC invocations=13 (full 2):
 PSYoungGen      total 294400K, used 294396K [0x0000000795500000, 0x00000007abc80000, 0x00000007c0000000)
  eden space 280576K, 100% used [0x0000000795500000,0x00000007a6700000,0x00000007a6700000)
  from space 13824K, 99% used [0x00000007a7880000,0x00000007a85ff158,0x00000007a8600000)
  to   space 17920K, 0% used [0x00000007a6700000,0x00000007a6700000,0x00000007a7880000)
 ParOldGen       total 100864K, used 30225K [0x0000000740000000, 0x0000000746280000, 0x0000000795500000)
  object space 100864K, 29% used [0x0000000740000000,0x0000000741d84650,0x0000000746280000)
 Metaspace       used 53604K, capacity 54084K, committed 54656K, reserved 1097728K
  class space    used 6863K, capacity 6953K, committed 7040K, reserved 1048576K
Event: 2516.866 GC heap after
Heap after GC invocations=13 (full 2):
 PSYoungGen      total 298496K, used 8720K [0x0000000795500000, 0x00000007ac300000, 0x00000007c0000000)
  eden space 280576K, 0% used [0x0000000795500000,0x0000000795500000,0x00000007a6700000)
  from space 17920K, 48% used [0x00000007a6700000,0x00000007a6f84198,0x00000007a7880000)
  to   space 17408K, 0% used [0x00000007ab200000,0x00000007ab200000,0x00000007ac300000)
 ParOldGen       total 100864K, used 41184K [0x0000000740000000, 0x0000000746280000, 0x0000000795500000)
  object space 100864K, 40% used [0x0000000740000000,0x0000000742838320,0x0000000746280000)
 Metaspace       used 53604K, capacity 54084K, committed 54656K, reserved 1097728K
  class space    used 6863K, capacity 6953K, committed 7040K, reserved 1048576K
}

Deoptimization events (10 events):
Event: 33.865 Thread 0x00007fcb6c9d7800 Uncommon trap: reason=class_check action=maybe_recompile pc=0x000000010f8b1870 method=java.util.regex.Pattern$7.isSatisfiedBy(I)Z @ 16
Event: 33.887 Thread 0x00007fcb6c9d7800 Uncommon trap: reason=class_check action=maybe_recompile pc=0x000000010fb40374 method=java.lang.StringCoding$StringEncoder.encode([CII)[B @ 30
Event: 37.893 Thread 0x00007fcb6d8e5000 Uncommon trap: reason=predicate action=maybe_recompile pc=0x000000010fb52728 method=java.util.AbstractCollection.addAll(Ljava/util/Collection;)Z @ 18
Event: 717.701 Thread 0x00007fcb6c9d7800 Uncommon trap: reason=class_check action=maybe_recompile pc=0x000000010fcc7b30 method=java.lang.Character.toUpperCaseEx(I)I @ 26
Event: 717.701 Thread 0x00007fcb6c9d7800 Uncommon trap: reason=class_check action=maybe_recompile pc=0x000000010ff763cc method=java.lang.Character.toUpperCaseEx(I)I @ 26
Event: 1465.363 Thread 0x00007fcb6f0ef000 Uncommon trap: reason=null_check action=make_not_entrant pc=0x00000001101f08f4 method=com.sun.org.apache.xerces.internal.utils.XMLLimitAnalyzer.isTracking(Ljava/lang/String;)Z @ 14
Event: 2516.868 Thread 0x00007fcb6dcf7800 Uncommon trap: reason=class_check action=maybe_recompile pc=0x00000001101f15b0 method=java.util.Collections$UnmodifiableMap$UnmodifiableEntrySet$UnmodifiableEntry.<init>(Ljava/util/Map$Entry;)V @ 9
Event: 2516.868 Thread 0x00007fcb6dcf7800 Uncommon trap: reason=class_check action=maybe_recompile pc=0x00000001101f15b0 method=java.util.Collections$UnmodifiableMap$UnmodifiableEntrySet$UnmodifiableEntry.<init>(Ljava/util/Map$Entry;)V @ 9
Event: 2516.868 Thread 0x00007fcb6dcf7800 Uncommon trap: reason=class_check action=maybe_recompile pc=0x00000001101f15b0 method=java.util.Collections$UnmodifiableMap$UnmodifiableEntrySet$UnmodifiableEntry.<init>(Ljava/util/Map$Entry;)V @ 9
Event: 2516.869 Thread 0x00007fcb6f0ef000 Uncommon trap: reason=class_check action=maybe_recompile pc=0x00000001101f15b0 method=java.util.Collections$UnmodifiableMap$UnmodifiableEntrySet$UnmodifiableEntry.<init>(Ljava/util/Map$Entry;)V @ 9

Internal exceptions (10 events):
Event: 2913.175 Thread 0x00007fcb6f0ef000 Exception <a 'java/security/PrivilegedActionException'> (0x00000007972c4f38) thrown at [/HUDSON/workspace/8-2-build-macosx-x86_64/jdk8/685/hotspot/src/share/vm/prims/jvm.cpp, line 1248]
Event: 2913.176 Thread 0x00007fcb6f0ef000 Exception <a 'java/security/PrivilegedActionException'> (0x00000007972cc6c0) thrown at [/HUDSON/workspace/8-2-build-macosx-x86_64/jdk8/685/hotspot/src/share/vm/prims/jvm.cpp, line 1248]
Event: 2913.178 Thread 0x00007fcb6f0ef000 Exception <a 'java/security/PrivilegedActionException'> (0x00000007972da318) thrown at [/HUDSON/workspace/8-2-build-macosx-x86_64/jdk8/685/hotspot/src/share/vm/prims/jvm.cpp, line 1248]
Event: 2913.180 Thread 0x00007fcb6f0ef000 Exception <a 'java/security/PrivilegedActionException'> (0x00000007972ee598) thrown at [/HUDSON/workspace/8-2-build-macosx-x86_64/jdk8/685/hotspot/src/share/vm/prims/jvm.cpp, line 1248]
Event: 2913.214 Thread 0x00007fcb6f0ef000 Exception <a 'java/security/PrivilegedActionException'> (0x00000007973dc880) thrown at [/HUDSON/workspace/8-2-build-macosx-x86_64/jdk8/685/hotspot/src/share/vm/prims/jvm.cpp, line 1248]
Event: 2913.235 Thread 0x00007fcb6f0ef000 Exception <a 'java/lang/ClassCastException': org.apache.catalina.core.ApplicationHttpRequest cannot be cast to org.springframework.security.web.servletapi.SecurityContextHolderAwareRequestWrapper> (0x0000000797485890) thrown at [/HUDSON/workspace/8-2-buil
Event: 2913.241 Thread 0x00007fcb6f0ef000 Exception <a 'java/security/PrivilegedActionException'> (0x0000000797491840) thrown at [/HUDSON/workspace/8-2-build-macosx-x86_64/jdk8/685/hotspot/src/share/vm/prims/jvm.cpp, line 1248]
Event: 2913.244 Thread 0x00007fcb6f0ef000 Exception <a 'java/security/PrivilegedActionException'> (0x00000007974a51f0) thrown at [/HUDSON/workspace/8-2-build-macosx-x86_64/jdk8/685/hotspot/src/share/vm/prims/jvm.cpp, line 1248]
Event: 2913.245 Thread 0x00007fcb6f0ef000 Exception <a 'java/security/PrivilegedActionException'> (0x00000007974b5db8) thrown at [/HUDSON/workspace/8-2-build-macosx-x86_64/jdk8/685/hotspot/src/share/vm/prims/jvm.cpp, line 1248]
Event: 2913.264 Thread 0x00007fcb6f0ef000 Exception <a 'java/security/PrivilegedActionException'> (0x000000079751a618) thrown at [/HUDSON/workspace/8-2-build-macosx-x86_64/jdk8/685/hotspot/src/share/vm/prims/jvm.cpp, line 1248]

Events (10 events):
Event: 24468.556 Executing VM operation: RevokeBias
Event: 24468.556 Executing VM operation: RevokeBias done
Event: 24468.556 Executing VM operation: RevokeBias
Event: 24468.557 Executing VM operation: RevokeBias done
Event: 24468.558 Executing VM operation: RevokeBias
Event: 24468.559 Executing VM operation: RevokeBias done
Event: 24468.561 Executing VM operation: RevokeBias
Event: 24468.561 Executing VM operation: RevokeBias done
Event: 24468.585 Executing VM operation: RevokeBias
Event: 24468.585 Executing VM operation: RevokeBias done


Dynamic libraries:
0x0000000007d7c000 	/System/Library/Frameworks/Cocoa.framework/Versions/A/Cocoa
0x0000000007d7c000 	/System/Library/Frameworks/Security.framework/Versions/A/Security
0x0000000007d7c000 	/System/Library/Frameworks/ApplicationServices.framework/Versions/A/ApplicationServices
0x0000000007d7c000 	/usr/lib/libz.1.dylib
0x0000000007d7c000 	/usr/lib/libSystem.B.dylib
0x0000000007d7c000 	/usr/lib/libobjc.A.dylib
0x0000000007d7c000 	/System/Library/Frameworks/CoreFoundation.framework/Versions/A/CoreFoundation
0x0000000007d7c000 	/System/Library/Frameworks/Foundation.framework/Versions/C/Foundation
0x0000000007d7c000 	/System/Library/Frameworks/AppKit.framework/Versions/C/AppKit
0x0000000007d7c000 	/System/Library/Frameworks/CoreData.framework/Versions/A/CoreData
0x0000000007d7c000 	/System/Library/PrivateFrameworks/RemoteViewServices.framework/Versions/A/RemoteViewServices
0x0000000007d7c000 	/System/Library/PrivateFrameworks/UIFoundation.framework/Versions/A/UIFoundation
0x0000000007d7c000 	/System/Library/Frameworks/IOSurface.framework/Versions/A/IOSurface
0x0000000007d7c000 	/System/Library/Frameworks/AudioToolbox.framework/Versions/A/AudioToolbox
0x0000000007d7c000 	/System/Library/Frameworks/AudioUnit.framework/Versions/A/AudioUnit
0x0000000007d7c000 	/System/Library/PrivateFrameworks/DataDetectorsCore.framework/Versions/A/DataDetectorsCore
0x0000000007d7c000 	/System/Library/PrivateFrameworks/DesktopServicesPriv.framework/Versions/A/DesktopServicesPriv
0x0000000007d7c000 	/System/Library/Frameworks/Carbon.framework/Versions/A/Frameworks/HIToolbox.framework/Versions/A/HIToolbox
0x0000000007d7c000 	/System/Library/Frameworks/QuartzCore.framework/Versions/A/QuartzCore
0x0000000007d7c000 	/System/Library/Frameworks/Carbon.framework/Versions/A/Frameworks/SpeechRecognition.framework/Versions/A/SpeechRecognition
0x0000000007d7c000 	/usr/lib/libauto.dylib
0x0000000007d7c000 	/usr/lib/libicucore.A.dylib
0x0000000007d7c000 	/usr/lib/libxml2.2.dylib
0x0000000007d7c000 	/System/Library/PrivateFrameworks/CoreUI.framework/Versions/A/CoreUI
0x0000000007d7c000 	/System/Library/Frameworks/CoreAudio.framework/Versions/A/CoreAudio
0x0000000007d7c000 	/System/Library/Frameworks/DiskArbitration.framework/Versions/A/DiskArbitration
0x0000000007d7c000 	/usr/lib/liblangid.dylib
0x0000000007d7c000 	/System/Library/PrivateFrameworks/MultitouchSupport.framework/Versions/A/MultitouchSupport
0x0000000007d7c000 	/System/Library/Frameworks/IOKit.framework/Versions/A/IOKit
0x0000000007d7c000 	/usr/lib/libDiagnosticMessagesClient.dylib
0x0000000007d7c000 	/System/Library/Frameworks/CoreServices.framework/Versions/A/CoreServices
0x0000000007d7c000 	/System/Library/PrivateFrameworks/PerformanceAnalysis.framework/Versions/A/PerformanceAnalysis
0x0000000007d7c000 	/System/Library/PrivateFrameworks/GenerationalStorage.framework/Versions/A/GenerationalStorage
0x0000000007d7c000 	/System/Library/Frameworks/OpenGL.framework/Versions/A/OpenGL
0x0000000007d7c000 	/System/Library/PrivateFrameworks/Sharing.framework/Versions/A/Sharing
0x0000000007d7c000 	/System/Library/Frameworks/CoreGraphics.framework/Versions/A/CoreGraphics
0x0000000007d7c000 	/System/Library/Frameworks/CoreText.framework/Versions/A/CoreText
0x0000000007d7c000 	/System/Library/Frameworks/ImageIO.framework/Versions/A/ImageIO
0x0000000007d7c000 	/usr/lib/libextension.dylib
0x0000000007d7c000 	/System/Library/PrivateFrameworks/Backup.framework/Versions/A/Backup
0x0000000007d7c000 	/usr/lib/libarchive.2.dylib
0x0000000007d7c000 	/System/Library/Frameworks/CFNetwork.framework/Versions/A/CFNetwork
0x0000000007d7c000 	/System/Library/Frameworks/SystemConfiguration.framework/Versions/A/SystemConfiguration
0x0000000007d7c000 	/usr/lib/libCRFSuite.dylib
0x0000000007d7c000 	/usr/lib/libc++.1.dylib
0x0000000007d7c000 	/usr/lib/libc++abi.dylib
0x0000000007d7c000 	/usr/lib/system/libcache.dylib
0x0000000007d7c000 	/usr/lib/system/libcommonCrypto.dylib
0x0000000007d7c000 	/usr/lib/system/libcompiler_rt.dylib
0x0000000007d7c000 	/usr/lib/system/libcopyfile.dylib
0x0000000007d7c000 	/usr/lib/system/libcorecrypto.dylib
0x0000000007d7c000 	/usr/lib/system/libdispatch.dylib
0x0000000007d7c000 	/usr/lib/system/libdyld.dylib
0x0000000007d7c000 	/usr/lib/system/libkeymgr.dylib
0x0000000007d7c000 	/usr/lib/system/liblaunch.dylib
0x0000000007d7c000 	/usr/lib/system/libmacho.dylib
0x0000000007d7c000 	/usr/lib/system/libquarantine.dylib
0x0000000007d7c000 	/usr/lib/system/libremovefile.dylib
0x0000000007d7c000 	/usr/lib/system/libsystem_asl.dylib
0x0000000007d7c000 	/usr/lib/system/libsystem_blocks.dylib
0x0000000007d7c000 	/usr/lib/system/libsystem_c.dylib
0x0000000007d7c000 	/usr/lib/system/libsystem_configuration.dylib
0x0000000007d7c000 	/usr/lib/system/libsystem_coreservices.dylib
0x0000000007d7c000 	/usr/lib/system/libsystem_coretls.dylib
0x0000000007d7c000 	/usr/lib/system/libsystem_dnssd.dylib
0x0000000007d7c000 	/usr/lib/system/libsystem_info.dylib
0x0000000007d7c000 	/usr/lib/system/libsystem_kernel.dylib
0x0000000007d7c000 	/usr/lib/system/libsystem_m.dylib
0x0000000007d7c000 	/usr/lib/system/libsystem_malloc.dylib
0x0000000007d7c000 	/usr/lib/system/libsystem_network.dylib
0x0000000007d7c000 	/usr/lib/system/libsystem_networkextension.dylib
0x0000000007d7c000 	/usr/lib/system/libsystem_notify.dylib
0x0000000007d7c000 	/usr/lib/system/libsystem_platform.dylib
0x0000000007d7c000 	/usr/lib/system/libsystem_pthread.dylib
0x0000000007d7c000 	/usr/lib/system/libsystem_sandbox.dylib
0x0000000007d7c000 	/usr/lib/system/libsystem_secinit.dylib
0x0000000007d7c000 	/usr/lib/system/libsystem_stats.dylib
0x0000000007d7c000 	/usr/lib/system/libsystem_trace.dylib
0x0000000007d7c000 	/usr/lib/system/libunc.dylib
0x0000000007d7c000 	/usr/lib/system/libunwind.dylib
0x0000000007d7c000 	/usr/lib/system/libxpc.dylib
0x0000000007d7c000 	/usr/lib/libbz2.1.0.dylib
0x0000000007d7c000 	/usr/lib/liblzma.5.dylib
0x0000000007d7c000 	/usr/lib/libbsm.0.dylib
0x0000000007d7c000 	/usr/lib/libsqlite3.dylib
0x0000000007d7c000 	/usr/lib/system/libkxld.dylib
0x0000000007d7c000 	/usr/lib/libxar.1.dylib
0x0000000007d7c000 	/usr/lib/libpam.2.dylib
0x0000000007d7c000 	/usr/lib/libOpenScriptingUtil.dylib
0x0000000007d7c000 	/System/Library/Frameworks/CoreServices.framework/Versions/A/Frameworks/FSEvents.framework/Versions/A/FSEvents
0x0000000007d7c000 	/System/Library/Frameworks/CoreServices.framework/Versions/A/Frameworks/CarbonCore.framework/Versions/A/CarbonCore
0x0000000007d7c000 	/System/Library/Frameworks/CoreServices.framework/Versions/A/Frameworks/Metadata.framework/Versions/A/Metadata
0x0000000007d7c000 	/System/Library/Frameworks/CoreServices.framework/Versions/A/Frameworks/OSServices.framework/Versions/A/OSServices
0x0000000007d7c000 	/System/Library/Frameworks/CoreServices.framework/Versions/A/Frameworks/SearchKit.framework/Versions/A/SearchKit
0x0000000007d7c000 	/System/Library/Frameworks/CoreServices.framework/Versions/A/Frameworks/AE.framework/Versions/A/AE
0x0000000007d7c000 	/System/Library/Frameworks/CoreServices.framework/Versions/A/Frameworks/LaunchServices.framework/Versions/A/LaunchServices
0x0000000007d7c000 	/System/Library/Frameworks/CoreServices.framework/Versions/A/Frameworks/DictionaryServices.framework/Versions/A/DictionaryServices
0x0000000007d7c000 	/System/Library/Frameworks/NetFS.framework/Versions/A/NetFS
0x0000000007d7c000 	/System/Library/PrivateFrameworks/NetAuth.framework/Versions/A/NetAuth
0x0000000007d7c000 	/System/Library/PrivateFrameworks/login.framework/Versions/A/Frameworks/loginsupport.framework/Versions/A/loginsupport
0x0000000007d7c000 	/System/Library/PrivateFrameworks/TCC.framework/Versions/A/TCC
0x0000000007d7c000 	/usr/lib/libmecabra.dylib
0x0000000007d7c000 	/System/Library/Frameworks/ApplicationServices.framework/Versions/A/Frameworks/ATS.framework/Versions/A/ATS
0x0000000007d7c000 	/System/Library/Frameworks/ApplicationServices.framework/Versions/A/Frameworks/ColorSync.framework/Versions/A/ColorSync
0x0000000007d7c000 	/System/Library/Frameworks/ApplicationServices.framework/Versions/A/Frameworks/HIServices.framework/Versions/A/HIServices
0x0000000007d7c000 	/System/Library/Frameworks/ApplicationServices.framework/Versions/A/Frameworks/LangAnalysis.framework/Versions/A/LangAnalysis
0x0000000007d7c000 	/System/Library/Frameworks/ApplicationServices.framework/Versions/A/Frameworks/PrintCore.framework/Versions/A/PrintCore
0x0000000007d7c000 	/System/Library/Frameworks/ApplicationServices.framework/Versions/A/Frameworks/QD.framework/Versions/A/QD
0x0000000007d7c000 	/System/Library/Frameworks/ApplicationServices.framework/Versions/A/Frameworks/SpeechSynthesis.framework/Versions/A/SpeechSynthesis
0x0000000007d7c000 	/System/Library/Frameworks/Accelerate.framework/Versions/A/Accelerate
0x0000000007d7c000 	/System/Library/Frameworks/Accelerate.framework/Versions/A/Frameworks/vImage.framework/Versions/A/vImage
0x0000000007d7c000 	/System/Library/Frameworks/Accelerate.framework/Versions/A/Frameworks/vecLib.framework/Versions/A/vecLib
0x0000000007d7c000 	/System/Library/Frameworks/Accelerate.framework/Versions/A/Frameworks/vecLib.framework/Versions/A/libvDSP.dylib
0x0000000007d7c000 	/System/Library/Frameworks/Accelerate.framework/Versions/A/Frameworks/vecLib.framework/Versions/A/libvMisc.dylib
0x0000000007d7c000 	/System/Library/Frameworks/Accelerate.framework/Versions/A/Frameworks/vecLib.framework/Versions/A/libLAPACK.dylib
0x0000000007d7c000 	/System/Library/Frameworks/Accelerate.framework/Versions/A/Frameworks/vecLib.framework/Versions/A/libBLAS.dylib
0x0000000007d7c000 	/System/Library/Frameworks/Accelerate.framework/Versions/A/Frameworks/vecLib.framework/Versions/A/libLinearAlgebra.dylib
0x0000000007d7c000 	/System/Library/Frameworks/ApplicationServices.framework/Versions/A/Frameworks/ATS.framework/Versions/A/Resources/libFontParser.dylib
0x0000000007d7c000 	/System/Library/Frameworks/ApplicationServices.framework/Versions/A/Frameworks/ATS.framework/Versions/A/Resources/libFontRegistry.dylib
0x0000000007d7c000 	/System/Library/PrivateFrameworks/AppleVPA.framework/Versions/A/AppleVPA
0x0000000007d7c000 	/System/Library/PrivateFrameworks/AppleJPEG.framework/Versions/A/AppleJPEG
0x0000000007d7c000 	/System/Library/Frameworks/ImageIO.framework/Versions/A/Resources/libJPEG.dylib
0x0000000007d7c000 	/System/Library/Frameworks/ImageIO.framework/Versions/A/Resources/libTIFF.dylib
0x0000000007d7c000 	/System/Library/Frameworks/ImageIO.framework/Versions/A/Resources/libPng.dylib
0x0000000007d7c000 	/System/Library/Frameworks/ImageIO.framework/Versions/A/Resources/libGIF.dylib
0x0000000007d7c000 	/System/Library/Frameworks/ImageIO.framework/Versions/A/Resources/libJP2.dylib
0x0000000007d7c000 	/System/Library/Frameworks/ImageIO.framework/Versions/A/Resources/libRadiance.dylib
0x0000000007d7c000 	/System/Library/Frameworks/CoreVideo.framework/Versions/A/CoreVideo
0x0000000007d7c000 	/System/Library/Frameworks/OpenGL.framework/Versions/A/Libraries/libGLU.dylib
0x0000000007d7c000 	/System/Library/Frameworks/OpenGL.framework/Versions/A/Libraries/libGFXShared.dylib
0x0000000007d7c000 	/System/Library/Frameworks/OpenGL.framework/Versions/A/Libraries/libGL.dylib
0x0000000007d7c000 	/System/Library/Frameworks/OpenGL.framework/Versions/A/Libraries/libGLImage.dylib
0x0000000007d7c000 	/System/Library/Frameworks/OpenGL.framework/Versions/A/Libraries/libCVMSPluginSupport.dylib
0x0000000007d7c000 	/System/Library/Frameworks/OpenGL.framework/Versions/A/Libraries/libCoreVMClient.dylib
0x0000000007d7c000 	/usr/lib/libcups.2.dylib
0x0000000007d7c000 	/System/Library/Frameworks/Kerberos.framework/Versions/A/Kerberos
0x0000000007d7c000 	/System/Library/Frameworks/GSS.framework/Versions/A/GSS
0x0000000007d7c000 	/usr/lib/libresolv.9.dylib
0x0000000007d7c000 	/usr/lib/libiconv.2.dylib
0x0000000007d7c000 	/System/Library/PrivateFrameworks/Heimdal.framework/Versions/A/Heimdal
0x0000000007d7c000 	/usr/lib/libheimdal-asn1.dylib
0x0000000007d7c000 	/System/Library/Frameworks/OpenDirectory.framework/Versions/A/OpenDirectory
0x0000000007d7c000 	/System/Library/PrivateFrameworks/CommonAuth.framework/Versions/A/CommonAuth
0x0000000007d7c000 	/System/Library/Frameworks/OpenDirectory.framework/Versions/A/Frameworks/CFOpenDirectory.framework/Versions/A/CFOpenDirectory
0x0000000007d7c000 	/System/Library/Frameworks/SecurityFoundation.framework/Versions/A/SecurityFoundation
0x0000000007d7c000 	/System/Library/PrivateFrameworks/LanguageModeling.framework/Versions/A/LanguageModeling
0x0000000007d7c000 	/usr/lib/libcmph.dylib
0x0000000007d7c000 	/System/Library/Frameworks/ServiceManagement.framework/Versions/A/ServiceManagement
0x0000000007d7c000 	/usr/lib/libxslt.1.dylib
0x0000000007d7c000 	/System/Library/Frameworks/Carbon.framework/Versions/A/Frameworks/Ink.framework/Versions/A/Ink
0x0000000007d7c000 	/System/Library/Frameworks/QuartzCore.framework/Versions/A/Frameworks/CoreImage.framework/Versions/A/CoreImage
0x0000000007d7c000 	/System/Library/PrivateFrameworks/CrashReporterSupport.framework/Versions/A/CrashReporterSupport
0x0000000007d7c000 	/System/Library/Frameworks/OpenCL.framework/Versions/A/OpenCL
0x0000000007d7c000 	/System/Library/PrivateFrameworks/FaceCore.framework/Versions/A/FaceCore
0x0000000007d7c000 	/System/Library/PrivateFrameworks/Ubiquity.framework/Versions/A/Ubiquity
0x0000000007d7c000 	/System/Library/PrivateFrameworks/IconServices.framework/Versions/A/IconServices
0x0000000007d7c000 	/System/Library/PrivateFrameworks/ChunkingLibrary.framework/Versions/A/ChunkingLibrary
0x0000000007d7c000 	/System/Library/PrivateFrameworks/Apple80211.framework/Versions/A/Apple80211
0x0000000007d7c000 	/System/Library/Frameworks/CoreWLAN.framework/Versions/A/CoreWLAN
0x0000000007d7c000 	/System/Library/Frameworks/IOBluetooth.framework/Versions/A/IOBluetooth
0x0000000007d7c000 	/System/Library/PrivateFrameworks/CoreWiFi.framework/Versions/A/CoreWiFi
0x0000000007d7c000 	/System/Library/Frameworks/CoreBluetooth.framework/Versions/A/CoreBluetooth
0x0000000007d7c000 	/System/Library/PrivateFrameworks/DebugSymbols.framework/Versions/A/DebugSymbols
0x0000000007d7c000 	/System/Library/PrivateFrameworks/CoreSymbolication.framework/Versions/A/CoreSymbolication
0x0000000007d7c000 	/System/Library/PrivateFrameworks/Symbolication.framework/Versions/A/Symbolication
0x0000000007d7c000 	/System/Library/PrivateFrameworks/SpeechRecognitionCore.framework/Versions/A/SpeechRecognitionCore
0x000000010d947000 	/System/Library/CoreServices/Encodings/libTraditionalChineseConverter.dylib
0x000000010e400000 	/Library/Java/JavaVirtualMachines/jdk1.8.0.jdk/Contents/Home/jre/lib/server/libjvm.dylib
0x0000000007d7c000 	/usr/lib/libstdc++.6.dylib
0x000000010db2a000 	/Library/Java/JavaVirtualMachines/jdk1.8.0.jdk/Contents/Home/jre/lib/libverify.dylib
0x000000010db38000 	/Library/Java/JavaVirtualMachines/jdk1.8.0.jdk/Contents/Home/jre/lib/libjava.dylib
0x000000010db76000 	/Library/Java/JavaVirtualMachines/jdk1.8.0.jdk/Contents/Home/jre/lib/libzip.dylib
0x000000010dbe7000 	/System/Library/Frameworks/JavaVM.framework/Frameworks/JavaRuntimeSupport.framework/JavaRuntimeSupport
0x00000001252dc000 	/System/Library/Frameworks/JavaVM.framework/Versions/A/Frameworks/JavaNativeFoundation.framework/Versions/A/JavaNativeFoundation
0x00000001252f1000 	/System/Library/Frameworks/JavaVM.framework/Versions/A/JavaVM
0x0000000007d7c000 	/System/Library/Frameworks/Carbon.framework/Versions/A/Carbon
0x00000001252fe000 	/System/Library/PrivateFrameworks/JavaLaunching.framework/Versions/A/JavaLaunching
0x0000000007d7c000 	/System/Library/Frameworks/Carbon.framework/Versions/A/Frameworks/CommonPanels.framework/Versions/A/CommonPanels
0x0000000007d7c000 	/System/Library/Frameworks/Carbon.framework/Versions/A/Frameworks/Help.framework/Versions/A/Help
0x0000000007d7c000 	/System/Library/Frameworks/Carbon.framework/Versions/A/Frameworks/ImageCapture.framework/Versions/A/ImageCapture
0x0000000007d7c000 	/System/Library/Frameworks/Carbon.framework/Versions/A/Frameworks/OpenScripting.framework/Versions/A/OpenScripting
0x0000000007d7c000 	/System/Library/Frameworks/Carbon.framework/Versions/A/Frameworks/Print.framework/Versions/A/Print
0x0000000007d7c000 	/System/Library/Frameworks/Carbon.framework/Versions/A/Frameworks/SecurityHI.framework/Versions/A/SecurityHI
0x00000001279c4000 	/Library/Java/JavaVirtualMachines/jdk1.8.0.jdk/Contents/Home/jre/lib/libmanagement.dylib
0x00000001279d1000 	/Library/Java/JavaVirtualMachines/jdk1.8.0.jdk/Contents/Home/jre/lib/libnet.dylib
0x000000012767b000 	/Library/Java/JavaVirtualMachines/jdk1.8.0.jdk/Contents/Home/jre/lib/libnio.dylib
0x00000001253ac000 	/Library/Java/JavaVirtualMachines/jdk1.8.0.jdk/Contents/Home/jre/lib/libsunec.dylib

VM Arguments:
jvm_args: -Dfile.encoding=UTF-8 
java_command: tw.guid.local.Application
java_class_path (initial): /Users/apple/git/guid_local_server/target/classes:/Applications/Eclipse.app/Contents/Eclipse/plugins/org.aspectj.runtime_1.8.6.20150608154200.jar:/Users/apple/.m2/repository/org/springframework/boot/spring-boot-starter-web/1.2.5.RELEASE/spring-boot-starter-web-1.2.5.RELEASE.jar:/Users/apple/.m2/repository/org/springframework/boot/spring-boot-starter/1.2.5.RELEASE/spring-boot-starter-1.2.5.RELEASE.jar:/Users/apple/.m2/repository/org/springframework/boot/spring-boot/1.2.5.RELEASE/spring-boot-1.2.5.RELEASE.jar:/Users/apple/.m2/repository/org/springframework/boot/spring-boot-autoconfigure/1.2.5.RELEASE/spring-boot-autoconfigure-1.2.5.RELEASE.jar:/Users/apple/.m2/repository/org/springframework/boot/spring-boot-starter-logging/1.2.5.RELEASE/spring-boot-starter-logging-1.2.5.RELEASE.jar:/Users/apple/.m2/repository/org/slf4j/jul-to-slf4j/1.7.12/jul-to-slf4j-1.7.12.jar:/Users/apple/.m2/repository/org/slf4j/log4j-over-slf4j/1.7.12/log4j-over-slf4j-1.7.12.jar:/Users/apple/.m2/repository/ch/qos/logback/logback-classic/1.1.3/logback-classic-1.1.3.jar:/Users/apple/.m2/repository/ch/qos/logback/logback-core/1.1.3/logback-core-1.1.3.jar:/Users/apple/.m2/repository/org/yaml/snakeyaml/1.14/snakeyaml-1.14.jar:/Users/apple/.m2/repository/org/springframework/boot/spring-boot-starter-tomcat/1.2.5.RELEASE/spring-boot-starter-tomcat-1.2.5.RELEASE.jar:/Users/apple/.m2/repository/org/apache/tomcat/embed/tomcat-embed-core/8.0.23/tomcat-embed-core-8.0.23.jar:/Users/apple/.m2/repository/org/apache/tomcat/embed/tomcat-embed-el/8.0.23/tomcat-embed-el-8.0.23.jar:/Users/apple/.m2/repository/org/apache/tomcat/embed/tomcat-embed-logging-juli/8.0.23/tomcat-embed-logging-juli-8.0.23.jar:/Users/apple/.m2/repository/org/apache/tomcat/embed/tomcat-embed-websocket/8.0.23/tomcat-embed-websocket-8.0.23.jar:/Users/apple/.m2/repository/com/fasterxml/jackson/core/jackson-databind/2.4.6/jackson-databind-2.4.6.jar:/Users/apple/.m2/repository/com/fasterxml/jackson/core/jackson-annotati
Launcher Type: SUN_STANDARD

Environment Variables:
PATH=/usr/bin:/bin:/usr/sbin:/sbin
SHELL=/bin/bash

Signal Handlers:
SIGSEGV: [libjvm.dylib+0x55dd5f], sa_mask[0]=0xfffefeff, sa_flags=0x00000043
SIGBUS: [libjvm.dylib+0x55dd5f], sa_mask[0]=0xfffefeff, sa_flags=0x00000042
SIGFPE: [libjvm.dylib+0x441c8a], sa_mask[0]=0xfffefeff, sa_flags=0x00000042
SIGPIPE: [libjvm.dylib+0x441c8a], sa_mask[0]=0xfffefeff, sa_flags=0x00000042
SIGXFSZ: [libjvm.dylib+0x441c8a], sa_mask[0]=0xfffefeff, sa_flags=0x00000042
SIGILL: [libjvm.dylib+0x441c8a], sa_mask[0]=0xfffefeff, sa_flags=0x00000042
SIGUSR1: SIG_DFL, sa_mask[0]=0x00000000, sa_flags=0x00000000
SIGUSR2: [libjvm.dylib+0x4417a8], sa_mask[0]=0x00000004, sa_flags=0x00000042
SIGHUP: [libjvm.dylib+0x43fb35], sa_mask[0]=0xfffefeff, sa_flags=0x00000042
SIGINT: [libjvm.dylib+0x43fb35], sa_mask[0]=0xfffefeff, sa_flags=0x00000042
SIGTERM: [libjvm.dylib+0x43fb35], sa_mask[0]=0xfffefeff, sa_flags=0x00000042
SIGQUIT: [libjvm.dylib+0x43fb35], sa_mask[0]=0xfffefeff, sa_flags=0x00000042


---------------  S Y S T E M  ---------------

OS:Bsduname:Darwin 14.5.0 Darwin Kernel Version 14.5.0: Wed Jul 29 02:26:53 PDT 2015; root:xnu-2782.40.9~1/RELEASE_X86_64 x86_64
rlimit: STACK 8192k, CORE 0k, NPROC 709, NOFILE 10240, AS infinity
load average:2.17 1.95 1.88

CPU:total 4 (2 cores per cpu, 2 threads per core) family 6 model 58 stepping 9, cmov, cx8, fxsr, mmx, sse, sse2, sse3, ssse3, sse4.1, sse4.2, popcnt, avx, aes, clmul, erms, ht, tsc, tscinvbit

Memory: 4k page, physical 8388608k(30144k free)

/proc/meminfo:


vm_info: Java HotSpot(TM) 64-Bit Server VM (25.0-b57) for bsd-amd64 JRE (1.8.0-ea-b115), built on Nov  7 2013 07:51:06 by "java_re" with gcc 4.2.1 (Based on Apple Inc. build 5658) (LLVM build 2336.11.00)

time: Thu Aug 27 04:07:01 2015
elapsed time: 24468 seconds

